{"/home/Andres/projects/proyecto/kajamart/frontend/src/auth/login.jsx": {"path":"/home/Andres/projects/proyecto/kajamart/frontend/src/auth/login.jsx","statementMap":{"0":{"start":{"line":14,"column":19},"end":{"line":14,"column":32}},"1":{"start":{"line":15,"column":42},"end":{"line":15,"column":57}},"2":{"start":{"line":16,"column":28},"end":{"line":16,"column":40}},"3":{"start":{"line":17,"column":34},"end":{"line":17,"column":46}},"4":{"start":{"line":18,"column":38},"end":{"line":18,"column":52}},"5":{"start":{"line":19,"column":30},"end":{"line":19,"column":39}},"6":{"start":{"line":20,"column":19},"end":{"line":20,"column":32}},"7":{"start":{"line":22,"column":15},"end":{"line":22,"column":55}},"8":{"start":{"line":23,"column":23},"end":{"line":34,"column":3}},"9":{"start":{"line":24,"column":4},"end":{"line":24,"column":23}},"10":{"start":{"line":25,"column":4},"end":{"line":25,"column":24}},"11":{"start":{"line":27,"column":19},"end":{"line":27,"column":52}},"12":{"start":{"line":28,"column":4},"end":{"line":33,"column":5}},"13":{"start":{"line":30,"column":6},"end":{"line":30,"column":40}},"14":{"start":{"line":32,"column":6},"end":{"line":32,"column":73}},"15":{"start":{"line":36,"column":2},"end":{"line":161,"column":4}},"16":{"start":{"line":96,"column":33},"end":{"line":96,"column":57}},"17":{"start":{"line":114,"column":33},"end":{"line":114,"column":60}},"18":{"start":{"line":119,"column":31},"end":{"line":119,"column":61}}},"fnMap":{"0":{"name":"Login","decl":{"start":{"line":13,"column":24},"end":{"line":13,"column":29}},"loc":{"start":{"line":13,"column":32},"end":{"line":162,"column":1}},"line":13},"1":{"name":"(anonymous_1)","decl":{"start":{"line":23,"column":23},"end":{"line":23,"column":24}},"loc":{"start":{"line":23,"column":36},"end":{"line":34,"column":3}},"line":23},"2":{"name":"(anonymous_2)","decl":{"start":{"line":96,"column":26},"end":{"line":96,"column":27}},"loc":{"start":{"line":96,"column":33},"end":{"line":96,"column":57}},"line":96},"3":{"name":"(anonymous_3)","decl":{"start":{"line":114,"column":26},"end":{"line":114,"column":27}},"loc":{"start":{"line":114,"column":33},"end":{"line":114,"column":60}},"line":114},"4":{"name":"(anonymous_4)","decl":{"start":{"line":119,"column":25},"end":{"line":119,"column":26}},"loc":{"start":{"line":119,"column":31},"end":{"line":119,"column":61}},"line":119}},"branchMap":{"0":{"loc":{"start":{"line":22,"column":15},"end":{"line":22,"column":55}},"type":"binary-expr","locations":[{"start":{"line":22,"column":15},"end":{"line":22,"column":45}},{"start":{"line":22,"column":49},"end":{"line":22,"column":55}}],"line":22},"1":{"loc":{"start":{"line":28,"column":4},"end":{"line":33,"column":5}},"type":"if","locations":[{"start":{"line":28,"column":4},"end":{"line":33,"column":5}},{"start":{"line":31,"column":11},"end":{"line":33,"column":5}}],"line":28},"2":{"loc":{"start":{"line":32,"column":20},"end":{"line":32,"column":71}},"type":"binary-expr","locations":[{"start":{"line":32,"column":20},"end":{"line":32,"column":34}},{"start":{"line":32,"column":38},"end":{"line":32,"column":71}}],"line":32},"3":{"loc":{"start":{"line":107,"column":22},"end":{"line":107,"column":56}},"type":"cond-expr","locations":[{"start":{"line":107,"column":37},"end":{"line":107,"column":43}},{"start":{"line":107,"column":46},"end":{"line":107,"column":56}}],"line":107},"4":{"loc":{"start":{"line":122,"column":17},"end":{"line":122,"column":72}},"type":"cond-expr","locations":[{"start":{"line":122,"column":32},"end":{"line":122,"column":52}},{"start":{"line":122,"column":55},"end":{"line":122,"column":72}}],"line":122},"5":{"loc":{"start":{"line":139,"column":24},"end":{"line":139,"column":54}},"type":"binary-expr","locations":[{"start":{"line":139,"column":24},"end":{"line":139,"column":30}},{"start":{"line":139,"column":34},"end":{"line":139,"column":43}},{"start":{"line":139,"column":47},"end":{"line":139,"column":54}}],"line":139},"6":{"loc":{"start":{"line":142,"column":15},"end":{"line":142,"column":51}},"type":"cond-expr","locations":[{"start":{"line":142,"column":25},"end":{"line":142,"column":38}},{"start":{"line":142,"column":41},"end":{"line":142,"column":51}}],"line":142},"7":{"loc":{"start":{"line":146,"column":13},"end":{"line":148,"column":13}},"type":"binary-expr","locations":[{"start":{"line":146,"column":13},"end":{"line":146,"column":23}},{"start":{"line":147,"column":14},"end":{"line":147,"column":78}}],"line":146}},"s":{"0":12,"1":12,"2":12,"3":12,"4":12,"5":12,"6":12,"7":12,"8":12,"9":2,"10":2,"11":2,"12":2,"13":1,"14":1,"15":12,"16":3,"17":2,"18":0},"f":{"0":12,"1":2,"2":3,"3":2,"4":0},"b":{"0":[12,0],"1":[1,1],"2":[1,0],"3":[0,12],"4":[0,12],"5":[12,8,5],"6":[0,12],"7":[12,1]},"_coverageSchema":"1a1c01bbd47fc00a2c39e90264f33305004495a9","hash":"04d1833c61f12a2ca170d285a772ddae318bd08b"}
,"/home/Andres/projects/proyecto/kajamart/frontend/src/features/returns/returnClient/indexClientReturns.jsx": {"path":"/home/Andres/projects/proyecto/kajamart/frontend/src/features/returns/returnClient/indexClientReturns.jsx","statementMap":{"0":{"start":{"line":24,"column":18},"end":{"line":24,"column":19}},"1":{"start":{"line":34,"column":6},"end":{"line":34,"column":36}},"2":{"start":{"line":36,"column":40},"end":{"line":36,"column":55}},"3":{"start":{"line":37,"column":54},"end":{"line":37,"column":69}},"4":{"start":{"line":38,"column":46},"end":{"line":38,"column":60}},"5":{"start":{"line":39,"column":38},"end":{"line":39,"column":50}},"6":{"start":{"line":40,"column":42},"end":{"line":40,"column":57}},"7":{"start":{"line":41,"column":40},"end":{"line":41,"column":51}},"8":{"start":{"line":42,"column":40},"end":{"line":42,"column":52}},"9":{"start":{"line":43,"column":26},"end":{"line":43,"column":35}},"10":{"start":{"line":44,"column":20},"end":{"line":44,"column":62}},"11":{"start":{"line":45,"column":19},"end":{"line":45,"column":61}},"12":{"start":{"line":46,"column":52},"end":{"line":46,"column":74}},"13":{"start":{"line":47,"column":31},"end":{"line":47,"column":51}},"14":{"start":{"line":50,"column":2},"end":{"line":52,"column":20}},"15":{"start":{"line":51,"column":4},"end":{"line":51,"column":27}},"16":{"start":{"line":55,"column":28},"end":{"line":60,"column":3}},"17":{"start":{"line":56,"column":21},"end":{"line":56,"column":50}},"18":{"start":{"line":57,"column":18},"end":{"line":57,"column":71}},"19":{"start":{"line":57,"column":39},"end":{"line":57,"column":70}},"20":{"start":{"line":58,"column":4},"end":{"line":58,"column":40}},"21":{"start":{"line":59,"column":4},"end":{"line":59,"column":32}},"22":{"start":{"line":63,"column":34},"end":{"line":66,"column":3}},"23":{"start":{"line":64,"column":4},"end":{"line":64,"column":33}},"24":{"start":{"line":65,"column":4},"end":{"line":65,"column":28}},"25":{"start":{"line":69,"column":24},"end":{"line":74,"column":20}},"26":{"start":{"line":70,"column":4},"end":{"line":74,"column":20}},"27":{"start":{"line":77,"column":20},"end":{"line":113,"column":70}},"28":{"start":{"line":78,"column":21},"end":{"line":78,"column":50}},"29":{"start":{"line":79,"column":4},"end":{"line":112,"column":9}},"30":{"start":{"line":81,"column":29},"end":{"line":87,"column":11}},"31":{"start":{"line":81,"column":83},"end":{"line":87,"column":9}},"32":{"start":{"line":88,"column":30},"end":{"line":94,"column":11}},"33":{"start":{"line":88,"column":85},"end":{"line":94,"column":9}},"34":{"start":{"line":95,"column":8},"end":{"line":95,"column":51}},"35":{"start":{"line":98,"column":25},"end":{"line":98,"column":66}},"36":{"start":{"line":99,"column":8},"end":{"line":99,"column":55}},"37":{"start":{"line":99,"column":39},"end":{"line":99,"column":55}},"38":{"start":{"line":100,"column":8},"end":{"line":100,"column":58}},"39":{"start":{"line":100,"column":41},"end":{"line":100,"column":58}},"40":{"start":{"line":101,"column":8},"end":{"line":101,"column":20}},"41":{"start":{"line":104,"column":18},"end":{"line":104,"column":50}},"42":{"start":{"line":105,"column":8},"end":{"line":105,"column":28}},"43":{"start":{"line":105,"column":16},"end":{"line":105,"column":28}},"44":{"start":{"line":106,"column":8},"end":{"line":111,"column":10}},"45":{"start":{"line":115,"column":21},"end":{"line":115,"column":36}},"46":{"start":{"line":116,"column":25},"end":{"line":116,"column":41}},"47":{"start":{"line":118,"column":19},"end":{"line":121,"column":3}},"48":{"start":{"line":119,"column":14},"end":{"line":119,"column":50}},"49":{"start":{"line":120,"column":4},"end":{"line":120,"column":22}},"50":{"start":{"line":122,"column":25},"end":{"line":128,"column":3}},"51":{"start":{"line":123,"column":4},"end":{"line":127,"column":22}},"52":{"start":{"line":130,"column":28},"end":{"line":162,"column":3}},"53":{"start":{"line":131,"column":19},"end":{"line":131,"column":60}},"54":{"start":{"line":132,"column":27},"end":{"line":132,"column":81}},"55":{"start":{"line":133,"column":4},"end":{"line":133,"column":27}},"56":{"start":{"line":133,"column":20},"end":{"line":133,"column":27}},"57":{"start":{"line":135,"column":19},"end":{"line":157,"column":6}},"58":{"start":{"line":143,"column":31},"end":{"line":143,"column":48}},"59":{"start":{"line":144,"column":28},"end":{"line":144,"column":45}},"60":{"start":{"line":146,"column":8},"end":{"line":155,"column":9}},"61":{"start":{"line":147,"column":10},"end":{"line":147,"column":48}},"62":{"start":{"line":148,"column":10},"end":{"line":148,"column":73}},"63":{"start":{"line":148,"column":36},"end":{"line":148,"column":70}},"64":{"start":{"line":150,"column":10},"end":{"line":150,"column":56}},"65":{"start":{"line":151,"column":10},"end":{"line":151,"column":22}},"66":{"start":{"line":153,"column":10},"end":{"line":153,"column":71}},"67":{"start":{"line":154,"column":10},"end":{"line":154,"column":23}},"68":{"start":{"line":159,"column":4},"end":{"line":161,"column":5}},"69":{"start":{"line":160,"column":6},"end":{"line":160,"column":86}},"70":{"start":{"line":164,"column":23},"end":{"line":181,"column":3}},"71":{"start":{"line":165,"column":4},"end":{"line":180,"column":13}},"72":{"start":{"line":184,"column":24},"end":{"line":190,"column":3}},"73":{"start":{"line":192,"column":22},"end":{"line":195,"column":3}},"74":{"start":{"line":197,"column":2},"end":{"line":199,"column":20}},"75":{"start":{"line":198,"column":4},"end":{"line":198,"column":27}},"76":{"start":{"line":201,"column":2},"end":{"line":404,"column":4}},"77":{"start":{"line":239,"column":16},"end":{"line":239,"column":46}},"78":{"start":{"line":240,"column":16},"end":{"line":240,"column":34}},"79":{"start":{"line":248,"column":14},"end":{"line":248,"column":42}},"80":{"start":{"line":249,"column":14},"end":{"line":249,"column":32}},"81":{"start":{"line":255,"column":44},"end":{"line":255,"column":80}},"82":{"start":{"line":258,"column":42},"end":{"line":258,"column":78}},"83":{"start":{"line":262,"column":29},"end":{"line":262,"column":49}},"84":{"start":{"line":313,"column":18},"end":{"line":370,"column":30}},"85":{"start":{"line":358,"column":42},"end":{"line":358,"column":62}},"86":{"start":{"line":367,"column":56},"end":{"line":367,"column":76}},"87":{"start":{"line":391,"column":10},"end":{"line":391,"column":18}},"88":{"start":{"line":392,"column":10},"end":{"line":392,"column":28}},"89":{"start":{"line":393,"column":10},"end":{"line":393,"column":46}}},"fnMap":{"0":{"name":"IndexClientReturns","decl":{"start":{"line":22,"column":24},"end":{"line":22,"column":42}},"loc":{"start":{"line":22,"column":45},"end":{"line":405,"column":1}},"line":22},"1":{"name":"(anonymous_1)","decl":{"start":{"line":50,"column":18},"end":{"line":50,"column":19}},"loc":{"start":{"line":50,"column":24},"end":{"line":52,"column":3}},"line":50},"2":{"name":"(anonymous_2)","decl":{"start":{"line":55,"column":28},"end":{"line":55,"column":29}},"loc":{"start":{"line":55,"column":41},"end":{"line":60,"column":3}},"line":55},"3":{"name":"(anonymous_3)","decl":{"start":{"line":57,"column":32},"end":{"line":57,"column":33}},"loc":{"start":{"line":57,"column":39},"end":{"line":57,"column":70}},"line":57},"4":{"name":"(anonymous_4)","decl":{"start":{"line":63,"column":34},"end":{"line":63,"column":35}},"loc":{"start":{"line":63,"column":40},"end":{"line":66,"column":3}},"line":63},"5":{"name":"(anonymous_5)","decl":{"start":{"line":69,"column":24},"end":{"line":69,"column":25}},"loc":{"start":{"line":70,"column":4},"end":{"line":74,"column":20}},"line":70},"6":{"name":"(anonymous_6)","decl":{"start":{"line":77,"column":28},"end":{"line":77,"column":29}},"loc":{"start":{"line":77,"column":34},"end":{"line":113,"column":3}},"line":77},"7":{"name":"(anonymous_7)","decl":{"start":{"line":80,"column":15},"end":{"line":80,"column":16}},"loc":{"start":{"line":80,"column":31},"end":{"line":96,"column":7}},"line":80},"8":{"name":"(anonymous_8)","decl":{"start":{"line":81,"column":69},"end":{"line":81,"column":70}},"loc":{"start":{"line":81,"column":83},"end":{"line":87,"column":9}},"line":81},"9":{"name":"(anonymous_9)","decl":{"start":{"line":88,"column":71},"end":{"line":88,"column":72}},"loc":{"start":{"line":88,"column":85},"end":{"line":94,"column":9}},"line":88},"10":{"name":"(anonymous_10)","decl":{"start":{"line":97,"column":14},"end":{"line":97,"column":15}},"loc":{"start":{"line":97,"column":23},"end":{"line":102,"column":7}},"line":97},"11":{"name":"(anonymous_11)","decl":{"start":{"line":103,"column":14},"end":{"line":103,"column":15}},"loc":{"start":{"line":103,"column":23},"end":{"line":112,"column":7}},"line":103},"12":{"name":"(anonymous_12)","decl":{"start":{"line":118,"column":19},"end":{"line":118,"column":20}},"loc":{"start":{"line":118,"column":26},"end":{"line":121,"column":3}},"line":118},"13":{"name":"(anonymous_13)","decl":{"start":{"line":122,"column":25},"end":{"line":122,"column":26}},"loc":{"start":{"line":122,"column":37},"end":{"line":128,"column":3}},"line":122},"14":{"name":"(anonymous_14)","decl":{"start":{"line":130,"column":28},"end":{"line":130,"column":29}},"loc":{"start":{"line":130,"column":43},"end":{"line":162,"column":3}},"line":130},"15":{"name":"(anonymous_15)","decl":{"start":{"line":143,"column":25},"end":{"line":143,"column":26}},"loc":{"start":{"line":143,"column":31},"end":{"line":143,"column":48}},"line":143},"16":{"name":"(anonymous_16)","decl":{"start":{"line":144,"column":22},"end":{"line":144,"column":23}},"loc":{"start":{"line":144,"column":28},"end":{"line":144,"column":45}},"line":144},"17":{"name":"(anonymous_17)","decl":{"start":{"line":145,"column":18},"end":{"line":145,"column":19}},"loc":{"start":{"line":145,"column":30},"end":{"line":156,"column":7}},"line":145},"18":{"name":"(anonymous_18)","decl":{"start":{"line":148,"column":25},"end":{"line":148,"column":26}},"loc":{"start":{"line":148,"column":36},"end":{"line":148,"column":70}},"line":148},"19":{"name":"(anonymous_19)","decl":{"start":{"line":164,"column":23},"end":{"line":164,"column":24}},"loc":{"start":{"line":165,"column":4},"end":{"line":180,"column":13}},"line":165},"20":{"name":"(anonymous_20)","decl":{"start":{"line":197,"column":12},"end":{"line":197,"column":13}},"loc":{"start":{"line":197,"column":18},"end":{"line":199,"column":3}},"line":197},"21":{"name":"(anonymous_21)","decl":{"start":{"line":238,"column":24},"end":{"line":238,"column":25}},"loc":{"start":{"line":238,"column":31},"end":{"line":241,"column":15}},"line":238},"22":{"name":"(anonymous_22)","decl":{"start":{"line":247,"column":22},"end":{"line":247,"column":23}},"loc":{"start":{"line":247,"column":38},"end":{"line":250,"column":13}},"line":247},"23":{"name":"(anonymous_23)","decl":{"start":{"line":255,"column":38},"end":{"line":255,"column":39}},"loc":{"start":{"line":255,"column":44},"end":{"line":255,"column":80}},"line":255},"24":{"name":"(anonymous_24)","decl":{"start":{"line":258,"column":36},"end":{"line":258,"column":37}},"loc":{"start":{"line":258,"column":42},"end":{"line":258,"column":78}},"line":258},"25":{"name":"(anonymous_25)","decl":{"start":{"line":262,"column":23},"end":{"line":262,"column":24}},"loc":{"start":{"line":262,"column":29},"end":{"line":262,"column":49}},"line":262},"26":{"name":"(anonymous_26)","decl":{"start":{"line":312,"column":30},"end":{"line":312,"column":31}},"loc":{"start":{"line":313,"column":18},"end":{"line":370,"column":30}},"line":313},"27":{"name":"(anonymous_27)","decl":{"start":{"line":358,"column":36},"end":{"line":358,"column":37}},"loc":{"start":{"line":358,"column":42},"end":{"line":358,"column":62}},"line":358},"28":{"name":"(anonymous_28)","decl":{"start":{"line":367,"column":50},"end":{"line":367,"column":51}},"loc":{"start":{"line":367,"column":56},"end":{"line":367,"column":76}},"line":367},"29":{"name":"(anonymous_29)","decl":{"start":{"line":390,"column":28},"end":{"line":390,"column":29}},"loc":{"start":{"line":390,"column":40},"end":{"line":394,"column":9}},"line":390}},"branchMap":{"0":{"loc":{"start":{"line":56,"column":21},"end":{"line":56,"column":50}},"type":"binary-expr","locations":[{"start":{"line":56,"column":21},"end":{"line":56,"column":44}},{"start":{"line":56,"column":48},"end":{"line":56,"column":50}}],"line":56},"1":{"loc":{"start":{"line":58,"column":22},"end":{"line":58,"column":38}},"type":"binary-expr","locations":[{"start":{"line":58,"column":22},"end":{"line":58,"column":27}},{"start":{"line":58,"column":31},"end":{"line":58,"column":38}}],"line":58},"2":{"loc":{"start":{"line":78,"column":21},"end":{"line":78,"column":50}},"type":"binary-expr","locations":[{"start":{"line":78,"column":21},"end":{"line":78,"column":44}},{"start":{"line":78,"column":48},"end":{"line":78,"column":50}}],"line":78},"3":{"loc":{"start":{"line":81,"column":30},"end":{"line":81,"column":63}},"type":"binary-expr","locations":[{"start":{"line":81,"column":30},"end":{"line":81,"column":57}},{"start":{"line":81,"column":61},"end":{"line":81,"column":63}}],"line":81},"4":{"loc":{"start":{"line":88,"column":31},"end":{"line":88,"column":65}},"type":"binary-expr","locations":[{"start":{"line":88,"column":31},"end":{"line":88,"column":59}},{"start":{"line":88,"column":63},"end":{"line":88,"column":65}}],"line":88},"5":{"loc":{"start":{"line":98,"column":25},"end":{"line":98,"column":66}},"type":"binary-expr","locations":[{"start":{"line":98,"column":25},"end":{"line":98,"column":50}},{"start":{"line":98,"column":54},"end":{"line":98,"column":66}}],"line":98},"6":{"loc":{"start":{"line":99,"column":8},"end":{"line":99,"column":55}},"type":"if","locations":[{"start":{"line":99,"column":8},"end":{"line":99,"column":55}},{"start":{},"end":{}}],"line":99},"7":{"loc":{"start":{"line":100,"column":8},"end":{"line":100,"column":58}},"type":"if","locations":[{"start":{"line":100,"column":8},"end":{"line":100,"column":58}},{"start":{},"end":{}}],"line":100},"8":{"loc":{"start":{"line":105,"column":8},"end":{"line":105,"column":28}},"type":"if","locations":[{"start":{"line":105,"column":8},"end":{"line":105,"column":28}},{"start":{},"end":{}}],"line":105},"9":{"loc":{"start":{"line":107,"column":10},"end":{"line":110,"column":61}},"type":"binary-expr","locations":[{"start":{"line":107,"column":10},"end":{"line":107,"column":49}},{"start":{"line":108,"column":10},"end":{"line":108,"column":47}},{"start":{"line":109,"column":10},"end":{"line":109,"column":47}},{"start":{"line":110,"column":10},"end":{"line":110,"column":61}}],"line":107},"10":{"loc":{"start":{"line":131,"column":19},"end":{"line":131,"column":60}},"type":"binary-expr","locations":[{"start":{"line":131,"column":19},"end":{"line":131,"column":44}},{"start":{"line":131,"column":48},"end":{"line":131,"column":60}}],"line":131},"11":{"loc":{"start":{"line":132,"column":44},"end":{"line":132,"column":72}},"type":"binary-expr","locations":[{"start":{"line":132,"column":44},"end":{"line":132,"column":57}},{"start":{"line":132,"column":61},"end":{"line":132,"column":72}}],"line":132},"12":{"loc":{"start":{"line":133,"column":4},"end":{"line":133,"column":27}},"type":"if","locations":[{"start":{"line":133,"column":4},"end":{"line":133,"column":27}},{"start":{},"end":{}}],"line":133},"13":{"loc":{"start":{"line":159,"column":4},"end":{"line":161,"column":5}},"type":"if","locations":[{"start":{"line":159,"column":4},"end":{"line":161,"column":5}},{"start":{},"end":{}}],"line":159},"14":{"loc":{"start":{"line":170,"column":16},"end":{"line":170,"column":37}},"type":"binary-expr","locations":[{"start":{"line":170,"column":16},"end":{"line":170,"column":24}},{"start":{"line":170,"column":28},"end":{"line":170,"column":37}}],"line":170},"15":{"loc":{"start":{"line":172,"column":8},"end":{"line":172,"column":48}},"type":"cond-expr","locations":[{"start":{"line":172,"column":18},"end":{"line":172,"column":32}},{"start":{"line":172,"column":35},"end":{"line":172,"column":48}}],"line":172},"16":{"loc":{"start":{"line":173,"column":10},"end":{"line":173,"column":86}},"type":"cond-expr","locations":[{"start":{"line":173,"column":36},"end":{"line":173,"column":67}},{"start":{"line":173,"column":70},"end":{"line":173,"column":86}}],"line":173},"17":{"loc":{"start":{"line":173,"column":11},"end":{"line":173,"column":32}},"type":"binary-expr","locations":[{"start":{"line":173,"column":11},"end":{"line":173,"column":19}},{"start":{"line":173,"column":23},"end":{"line":173,"column":32}}],"line":173},"18":{"loc":{"start":{"line":177,"column":10},"end":{"line":177,"column":53}},"type":"cond-expr","locations":[{"start":{"line":177,"column":20},"end":{"line":177,"column":35}},{"start":{"line":177,"column":38},"end":{"line":177,"column":53}}],"line":177},"19":{"loc":{"start":{"line":293,"column":15},"end":{"line":372,"column":15}},"type":"cond-expr","locations":[{"start":{"line":294,"column":16},"end":{"line":301,"column":21}},{"start":{"line":302,"column":18},"end":{"line":372,"column":15}}],"line":293},"20":{"loc":{"start":{"line":302,"column":18},"end":{"line":372,"column":15}},"type":"cond-expr","locations":[{"start":{"line":303,"column":16},"end":{"line":310,"column":21}},{"start":{"line":312,"column":16},"end":{"line":371,"column":18}}],"line":302},"21":{"loc":{"start":{"line":308,"column":21},"end":{"line":308,"column":63}},"type":"binary-expr","locations":[{"start":{"line":308,"column":21},"end":{"line":308,"column":26}},{"start":{"line":308,"column":30},"end":{"line":308,"column":63}}],"line":308},"22":{"loc":{"start":{"line":336,"column":23},"end":{"line":336,"column":55}},"type":"binary-expr","locations":[{"start":{"line":336,"column":23},"end":{"line":336,"column":46}},{"start":{"line":336,"column":50},"end":{"line":336,"column":55}}],"line":336},"23":{"loc":{"start":{"line":345,"column":28},"end":{"line":347,"column":33}},"type":"cond-expr","locations":[{"start":{"line":346,"column":32},"end":{"line":346,"column":87}},{"start":{"line":347,"column":32},"end":{"line":347,"column":33}}],"line":345},"24":{"loc":{"start":{"line":356,"column":35},"end":{"line":356,"column":72}},"type":"binary-expr","locations":[{"start":{"line":356,"column":35},"end":{"line":356,"column":58}},{"start":{"line":356,"column":62},"end":{"line":356,"column":72}}],"line":356},"25":{"loc":{"start":{"line":357,"column":37},"end":{"line":357,"column":142}},"type":"binary-expr","locations":[{"start":{"line":357,"column":37},"end":{"line":357,"column":46}},{"start":{"line":357,"column":50},"end":{"line":357,"column":142}}],"line":357},"26":{"loc":{"start":{"line":357,"column":67},"end":{"line":357,"column":91}},"type":"binary-expr","locations":[{"start":{"line":357,"column":67},"end":{"line":357,"column":78}},{"start":{"line":357,"column":82},"end":{"line":357,"column":91}}],"line":357},"27":{"loc":{"start":{"line":357,"column":93},"end":{"line":357,"column":130}},"type":"binary-expr","locations":[{"start":{"line":357,"column":93},"end":{"line":357,"column":116}},{"start":{"line":357,"column":120},"end":{"line":357,"column":130}}],"line":357},"28":{"loc":{"start":{"line":361,"column":27},"end":{"line":361,"column":89}},"type":"cond-expr","locations":[{"start":{"line":361,"column":69},"end":{"line":361,"column":77}},{"start":{"line":361,"column":80},"end":{"line":361,"column":89}}],"line":361},"29":{"loc":{"start":{"line":361,"column":28},"end":{"line":361,"column":65}},"type":"binary-expr","locations":[{"start":{"line":361,"column":28},"end":{"line":361,"column":51}},{"start":{"line":361,"column":55},"end":{"line":361,"column":65}}],"line":361}},"s":{"0":8,"1":8,"2":8,"3":8,"4":8,"5":8,"6":8,"7":8,"8":8,"9":8,"10":8,"11":8,"12":8,"13":8,"14":8,"15":7,"16":8,"17":0,"18":0,"19":0,"20":0,"21":0,"22":8,"23":0,"24":0,"25":8,"26":10,"27":8,"28":8,"29":8,"30":6,"31":6,"32":6,"33":0,"34":6,"35":6,"36":6,"37":0,"38":6,"39":0,"40":6,"41":6,"42":6,"43":5,"44":1,"45":8,"46":8,"47":8,"48":0,"49":0,"50":8,"51":10,"52":8,"53":0,"54":0,"55":0,"56":0,"57":0,"58":0,"59":0,"60":0,"61":0,"62":0,"63":0,"64":0,"65":0,"66":0,"67":0,"68":0,"69":0,"70":8,"71":5,"72":8,"73":8,"74":8,"75":7,"76":8,"77":1,"78":1,"79":0,"80":0,"81":0,"82":0,"83":0,"84":5,"85":0,"86":0,"87":0,"88":0,"89":0},"f":{"0":8,"1":7,"2":0,"3":0,"4":0,"5":10,"6":8,"7":6,"8":6,"9":0,"10":6,"11":6,"12":0,"13":10,"14":0,"15":0,"16":0,"17":0,"18":0,"19":5,"20":7,"21":1,"22":0,"23":0,"24":0,"25":0,"26":5,"27":0,"28":0,"29":0},"b":{"0":[0,0],"1":[0,0],"2":[8,0],"3":[6,0],"4":[6,0],"5":[6,6],"6":[0,6],"7":[0,6],"8":[5,1],"9":[1,1,1,1],"10":[0,0],"11":[0,0],"12":[0,0],"13":[0,0],"14":[5,3],"15":[5,0],"16":[2,3],"17":[5,3],"18":[5,0],"19":[1,7],"20":[2,5],"21":[2,2],"22":[5,0],"23":[5,0],"24":[5,5],"25":[5,3],"26":[3,0],"27":[3,3],"28":[5,0],"29":[5,5]},"_coverageSchema":"1a1c01bbd47fc00a2c39e90264f33305004495a9","hash":"0749274dcf4c47d1171c805789104a1d1bcfdbc7"}
,"/home/Andres/projects/proyecto/kajamart/frontend/src/features/returns/returnClient/helpers/exportToXls.js": {"path":"/home/Andres/projects/proyecto/kajamart/frontend/src/features/returns/returnClient/helpers/exportToXls.js","statementMap":{"0":{"start":{"line":4,"column":20},"end":{"line":8,"column":1}},"1":{"start":{"line":5,"column":17},"end":{"line":5,"column":30}},"2":{"start":{"line":6,"column":2},"end":{"line":6,"column":42}},"3":{"start":{"line":6,"column":32},"end":{"line":6,"column":42}},"4":{"start":{"line":7,"column":2},"end":{"line":7,"column":46}},"5":{"start":{"line":10,"column":16},"end":{"line":22,"column":5}},"6":{"start":{"line":11,"column":2},"end":{"line":22,"column":5}},"7":{"start":{"line":11,"column":21},"end":{"line":22,"column":3}},"8":{"start":{"line":24,"column":41},"end":{"line":103,"column":1}},"9":{"start":{"line":25,"column":2},"end":{"line":102,"column":3}},"10":{"start":{"line":26,"column":21},"end":{"line":26,"column":34}},"11":{"start":{"line":28,"column":4},"end":{"line":31,"column":5}},"12":{"start":{"line":29,"column":6},"end":{"line":29,"column":59}},"13":{"start":{"line":30,"column":6},"end":{"line":30,"column":13}},"14":{"start":{"line":33,"column":21},"end":{"line":33,"column":43}},"15":{"start":{"line":34,"column":18},"end":{"line":34,"column":55}},"16":{"start":{"line":35,"column":26},"end":{"line":35,"column":34}},"17":{"start":{"line":36,"column":22},"end":{"line":36,"column":30}},"18":{"start":{"line":38,"column":4},"end":{"line":38,"column":30}},"19":{"start":{"line":39,"column":22},"end":{"line":39,"column":41}},"20":{"start":{"line":40,"column":4},"end":{"line":40,"column":60}},"21":{"start":{"line":41,"column":4},"end":{"line":41,"column":75}},"22":{"start":{"line":42,"column":4},"end":{"line":42,"column":71}},"23":{"start":{"line":43,"column":4},"end":{"line":47,"column":6}},"24":{"start":{"line":48,"column":4},"end":{"line":48,"column":32}},"25":{"start":{"line":50,"column":4},"end":{"line":50,"column":30}},"26":{"start":{"line":51,"column":4},"end":{"line":52,"column":94}},"27":{"start":{"line":53,"column":4},"end":{"line":53,"column":75}},"28":{"start":{"line":54,"column":4},"end":{"line":54,"column":61}},"29":{"start":{"line":56,"column":20},"end":{"line":56,"column":44}},"30":{"start":{"line":57,"column":4},"end":{"line":57,"column":26}},"31":{"start":{"line":59,"column":22},"end":{"line":59,"column":37}},"32":{"start":{"line":60,"column":4},"end":{"line":68,"column":7}},"33":{"start":{"line":61,"column":6},"end":{"line":61,"column":62}},"34":{"start":{"line":62,"column":6},"end":{"line":62,"column":68}},"35":{"start":{"line":63,"column":6},"end":{"line":67,"column":8}},"36":{"start":{"line":70,"column":4},"end":{"line":83,"column":7}},"37":{"start":{"line":71,"column":18},"end":{"line":71,"column":54}},"38":{"start":{"line":72,"column":6},"end":{"line":72,"column":65}},"39":{"start":{"line":74,"column":6},"end":{"line":82,"column":7}},"40":{"start":{"line":75,"column":8},"end":{"line":81,"column":11}},"41":{"start":{"line":76,"column":10},"end":{"line":80,"column":12}},"42":{"start":{"line":85,"column":4},"end":{"line":92,"column":7}},"43":{"start":{"line":86,"column":22},"end":{"line":86,"column":23}},"44":{"start":{"line":87,"column":6},"end":{"line":90,"column":9}},"45":{"start":{"line":88,"column":22},"end":{"line":88,"column":61}},"46":{"start":{"line":89,"column":8},"end":{"line":89,"column":54}},"47":{"start":{"line":91,"column":6},"end":{"line":91,"column":57}},"48":{"start":{"line":94,"column":19},"end":{"line":94,"column":52}},"49":{"start":{"line":95,"column":4},"end":{"line":98,"column":6}},"50":{"start":{"line":100,"column":4},"end":{"line":100,"column":49}},"51":{"start":{"line":101,"column":4},"end":{"line":101,"column":78}}},"fnMap":{"0":{"name":"(anonymous_0)","decl":{"start":{"line":4,"column":20},"end":{"line":4,"column":21}},"loc":{"start":{"line":4,"column":31},"end":{"line":8,"column":1}},"line":4},"1":{"name":"(anonymous_1)","decl":{"start":{"line":10,"column":16},"end":{"line":10,"column":17}},"loc":{"start":{"line":11,"column":2},"end":{"line":22,"column":5}},"line":11},"2":{"name":"(anonymous_2)","decl":{"start":{"line":11,"column":11},"end":{"line":11,"column":12}},"loc":{"start":{"line":11,"column":21},"end":{"line":22,"column":3}},"line":11},"3":{"name":"(anonymous_3)","decl":{"start":{"line":24,"column":41},"end":{"line":24,"column":42}},"loc":{"start":{"line":24,"column":62},"end":{"line":103,"column":1}},"line":24},"4":{"name":"(anonymous_4)","decl":{"start":{"line":60,"column":23},"end":{"line":60,"column":24}},"loc":{"start":{"line":60,"column":33},"end":{"line":68,"column":5}},"line":60},"5":{"name":"(anonymous_5)","decl":{"start":{"line":70,"column":21},"end":{"line":70,"column":22}},"loc":{"start":{"line":70,"column":41},"end":{"line":83,"column":5}},"line":70},"6":{"name":"(anonymous_6)","decl":{"start":{"line":75,"column":21},"end":{"line":75,"column":22}},"loc":{"start":{"line":75,"column":31},"end":{"line":81,"column":9}},"line":75},"7":{"name":"(anonymous_7)","decl":{"start":{"line":85,"column":26},"end":{"line":85,"column":27}},"loc":{"start":{"line":85,"column":38},"end":{"line":92,"column":5}},"line":85},"8":{"name":"(anonymous_8)","decl":{"start":{"line":87,"column":46},"end":{"line":87,"column":47}},"loc":{"start":{"line":87,"column":56},"end":{"line":90,"column":7}},"line":87}},"branchMap":{"0":{"loc":{"start":{"line":6,"column":2},"end":{"line":6,"column":42}},"type":"if","locations":[{"start":{"line":6,"column":2},"end":{"line":6,"column":42}},{"start":{},"end":{}}],"line":6},"1":{"loc":{"start":{"line":10,"column":17},"end":{"line":10,"column":26}},"type":"default-arg","locations":[{"start":{"line":10,"column":24},"end":{"line":10,"column":26}}],"line":10},"2":{"loc":{"start":{"line":12,"column":21},"end":{"line":12,"column":39}},"type":"binary-expr","locations":[{"start":{"line":12,"column":21},"end":{"line":12,"column":33}},{"start":{"line":12,"column":37},"end":{"line":12,"column":39}}],"line":12},"3":{"loc":{"start":{"line":13,"column":11},"end":{"line":13,"column":27}},"type":"binary-expr","locations":[{"start":{"line":13,"column":11},"end":{"line":13,"column":21}},{"start":{"line":13,"column":25},"end":{"line":13,"column":27}}],"line":13},"4":{"loc":{"start":{"line":14,"column":13},"end":{"line":14,"column":29}},"type":"binary-expr","locations":[{"start":{"line":14,"column":13},"end":{"line":14,"column":23}},{"start":{"line":14,"column":27},"end":{"line":14,"column":29}}],"line":14},"5":{"loc":{"start":{"line":15,"column":14},"end":{"line":15,"column":28}},"type":"binary-expr","locations":[{"start":{"line":15,"column":14},"end":{"line":15,"column":22}},{"start":{"line":15,"column":26},"end":{"line":15,"column":28}}],"line":15},"6":{"loc":{"start":{"line":16,"column":14},"end":{"line":16,"column":32}},"type":"binary-expr","locations":[{"start":{"line":16,"column":14},"end":{"line":16,"column":26}},{"start":{"line":16,"column":30},"end":{"line":16,"column":32}}],"line":16},"7":{"loc":{"start":{"line":18,"column":12},"end":{"line":18,"column":28}},"type":"binary-expr","locations":[{"start":{"line":18,"column":12},"end":{"line":18,"column":22}},{"start":{"line":18,"column":26},"end":{"line":18,"column":28}}],"line":18},"8":{"loc":{"start":{"line":19,"column":15},"end":{"line":19,"column":46}},"type":"binary-expr","locations":[{"start":{"line":19,"column":15},"end":{"line":19,"column":27}},{"start":{"line":19,"column":31},"end":{"line":19,"column":46}}],"line":19},"9":{"loc":{"start":{"line":20,"column":17},"end":{"line":20,"column":38}},"type":"binary-expr","locations":[{"start":{"line":20,"column":17},"end":{"line":20,"column":32}},{"start":{"line":20,"column":36},"end":{"line":20,"column":38}}],"line":20},"10":{"loc":{"start":{"line":21,"column":11},"end":{"line":21,"column":31}},"type":"binary-expr","locations":[{"start":{"line":21,"column":11},"end":{"line":21,"column":25}},{"start":{"line":21,"column":29},"end":{"line":21,"column":31}}],"line":21},"11":{"loc":{"start":{"line":24,"column":48},"end":{"line":24,"column":57}},"type":"default-arg","locations":[{"start":{"line":24,"column":55},"end":{"line":24,"column":57}}],"line":24},"12":{"loc":{"start":{"line":28,"column":4},"end":{"line":31,"column":5}},"type":"if","locations":[{"start":{"line":28,"column":4},"end":{"line":31,"column":5}},{"start":{},"end":{}}],"line":28},"13":{"loc":{"start":{"line":74,"column":6},"end":{"line":82,"column":7}},"type":"if","locations":[{"start":{"line":74,"column":6},"end":{"line":82,"column":7}},{"start":{},"end":{}}],"line":74},"14":{"loc":{"start":{"line":88,"column":22},"end":{"line":88,"column":61}},"type":"cond-expr","locations":[{"start":{"line":88,"column":35},"end":{"line":88,"column":56}},{"start":{"line":88,"column":59},"end":{"line":88,"column":61}}],"line":88},"15":{"loc":{"start":{"line":91,"column":21},"end":{"line":91,"column":56}},"type":"cond-expr","locations":[{"start":{"line":91,"column":38},"end":{"line":91,"column":40}},{"start":{"line":91,"column":43},"end":{"line":91,"column":56}}],"line":91}},"s":{"0":1,"1":0,"2":0,"3":0,"4":0,"5":1,"6":0,"7":0,"8":1,"9":0,"10":0,"11":0,"12":0,"13":0,"14":0,"15":0,"16":0,"17":0,"18":0,"19":0,"20":0,"21":0,"22":0,"23":0,"24":0,"25":0,"26":0,"27":0,"28":0,"29":0,"30":0,"31":0,"32":0,"33":0,"34":0,"35":0,"36":0,"37":0,"38":0,"39":0,"40":0,"41":0,"42":0,"43":0,"44":0,"45":0,"46":0,"47":0,"48":0,"49":0,"50":0,"51":0},"f":{"0":0,"1":0,"2":0,"3":0,"4":0,"5":0,"6":0,"7":0,"8":0},"b":{"0":[0,0],"1":[0],"2":[0,0],"3":[0,0],"4":[0,0],"5":[0,0],"6":[0,0],"7":[0,0],"8":[0,0],"9":[0,0],"10":[0,0],"11":[0],"12":[0,0],"13":[0,0],"14":[0,0],"15":[0,0]},"_coverageSchema":"1a1c01bbd47fc00a2c39e90264f33305004495a9","hash":"846916bd246e9cc38c05e1438ab4c6fca55738f6"}
}
