{"/Proyectos/kajamart/frontend/src/features/roles/deleteRoles.jsx": {"path":"/Proyectos/kajamart/frontend/src/features/roles/deleteRoles.jsx","statementMap":{"0":{"start":{"line":8,"column":26},"end":{"line":8,"column":38}},"1":{"start":{"line":9,"column":41},"end":{"line":9,"column":56}},"2":{"start":{"line":12,"column":2},"end":{"line":16,"column":15}},"3":{"start":{"line":13,"column":4},"end":{"line":15,"column":5}},"4":{"start":{"line":14,"column":6},"end":{"line":14,"column":38}},"5":{"start":{"line":19,"column":2},"end":{"line":25,"column":24}},"6":{"start":{"line":20,"column":22},"end":{"line":22,"column":5}},"7":{"start":{"line":21,"column":6},"end":{"line":21,"column":50}},"8":{"start":{"line":21,"column":40},"end":{"line":21,"column":50}},"9":{"start":{"line":23,"column":4},"end":{"line":23,"column":50}},"10":{"start":{"line":24,"column":4},"end":{"line":24,"column":66}},"11":{"start":{"line":24,"column":17},"end":{"line":24,"column":65}},"12":{"start":{"line":27,"column":23},"end":{"line":35,"column":3}},"13":{"start":{"line":28,"column":4},"end":{"line":28,"column":30}},"14":{"start":{"line":28,"column":23},"end":{"line":28,"column":30}},"15":{"start":{"line":29,"column":20},"end":{"line":29,"column":49}},"16":{"start":{"line":30,"column":4},"end":{"line":34,"column":5}},"17":{"start":{"line":31,"column":6},"end":{"line":31,"column":55}},"18":{"start":{"line":32,"column":6},"end":{"line":32,"column":33}},"19":{"start":{"line":33,"column":6},"end":{"line":33,"column":16}},"20":{"start":{"line":37,"column":2},"end":{"line":99,"column":4}},"21":{"start":{"line":60,"column":28},"end":{"line":60,"column":47}}},"fnMap":{"0":{"name":"DeleteRoleModal","decl":{"start":{"line":7,"column":24},"end":{"line":7,"column":39}},"loc":{"start":{"line":7,"column":82},"end":{"line":100,"column":1}},"line":7},"1":{"name":"(anonymous_1)","decl":{"start":{"line":12,"column":12},"end":{"line":12,"column":13}},"loc":{"start":{"line":12,"column":18},"end":{"line":16,"column":3}},"line":12},"2":{"name":"(anonymous_2)","decl":{"start":{"line":19,"column":12},"end":{"line":19,"column":13}},"loc":{"start":{"line":19,"column":18},"end":{"line":25,"column":3}},"line":19},"3":{"name":"(anonymous_3)","decl":{"start":{"line":20,"column":22},"end":{"line":20,"column":23}},"loc":{"start":{"line":20,"column":29},"end":{"line":22,"column":5}},"line":20},"4":{"name":"(anonymous_4)","decl":{"start":{"line":24,"column":11},"end":{"line":24,"column":12}},"loc":{"start":{"line":24,"column":17},"end":{"line":24,"column":65}},"line":24},"5":{"name":"(anonymous_5)","decl":{"start":{"line":27,"column":23},"end":{"line":27,"column":24}},"loc":{"start":{"line":27,"column":35},"end":{"line":35,"column":3}},"line":27},"6":{"name":"(anonymous_6)","decl":{"start":{"line":60,"column":21},"end":{"line":60,"column":22}},"loc":{"start":{"line":60,"column":28},"end":{"line":60,"column":47}},"line":60}},"branchMap":{"0":{"loc":{"start":{"line":13,"column":4},"end":{"line":15,"column":5}},"type":"if","locations":[{"start":{"line":13,"column":4},"end":{"line":15,"column":5}},{"start":{},"end":{}}],"line":13},"1":{"loc":{"start":{"line":13,"column":8},"end":{"line":13,"column":41}},"type":"binary-expr","locations":[{"start":{"line":13,"column":8},"end":{"line":13,"column":14}},{"start":{"line":13,"column":18},"end":{"line":13,"column":41}}],"line":13},"2":{"loc":{"start":{"line":21,"column":6},"end":{"line":21,"column":50}},"type":"if","locations":[{"start":{"line":21,"column":6},"end":{"line":21,"column":50}},{"start":{},"end":{}}],"line":21},"3":{"loc":{"start":{"line":21,"column":10},"end":{"line":21,"column":38}},"type":"binary-expr","locations":[{"start":{"line":21,"column":10},"end":{"line":21,"column":28}},{"start":{"line":21,"column":32},"end":{"line":21,"column":38}}],"line":21},"4":{"loc":{"start":{"line":28,"column":4},"end":{"line":28,"column":30}},"type":"if","locations":[{"start":{"line":28,"column":4},"end":{"line":28,"column":30}},{"start":{},"end":{}}],"line":28},"5":{"loc":{"start":{"line":30,"column":4},"end":{"line":34,"column":5}},"type":"if","locations":[{"start":{"line":30,"column":4},"end":{"line":34,"column":5}},{"start":{},"end":{}}],"line":30},"6":{"loc":{"start":{"line":39,"column":7},"end":{"line":97,"column":7}},"type":"binary-expr","locations":[{"start":{"line":39,"column":7},"end":{"line":39,"column":13}},{"start":{"line":40,"column":8},"end":{"line":96,"column":21}}],"line":39},"7":{"loc":{"start":{"line":69,"column":17},"end":{"line":69,"column":39}},"type":"binary-expr","locations":[{"start":{"line":69,"column":17},"end":{"line":69,"column":33}},{"start":{"line":69,"column":37},"end":{"line":69,"column":39}}],"line":69},"8":{"loc":{"start":{"line":74,"column":13},"end":{"line":74,"column":66}},"type":"binary-expr","locations":[{"start":{"line":74,"column":13},"end":{"line":74,"column":18}},{"start":{"line":74,"column":22},"end":{"line":74,"column":66}}],"line":74},"9":{"loc":{"start":{"line":88,"column":18},"end":{"line":88,"column":64}},"type":"cond-expr","locations":[{"start":{"line":88,"column":28},"end":{"line":88,"column":59}},{"start":{"line":88,"column":62},"end":{"line":88,"column":64}}],"line":88},"10":{"loc":{"start":{"line":92,"column":17},"end":{"line":92,"column":55}},"type":"cond-expr","locations":[{"start":{"line":92,"column":27},"end":{"line":92,"column":42}},{"start":{"line":92,"column":45},"end":{"line":92,"column":55}}],"line":92}},"s":{"0":2,"1":2,"2":2,"3":2,"4":2,"5":2,"6":2,"7":0,"8":0,"9":2,"10":2,"11":2,"12":2,"13":0,"14":0,"15":0,"16":0,"17":0,"18":0,"19":0,"20":2,"21":1},"f":{"0":2,"1":2,"2":2,"3":0,"4":2,"5":0,"6":1},"b":{"0":[2,0],"1":[2,2],"2":[0,0],"3":[0,0],"4":[0,0],"5":[0,0],"6":[2,2],"7":[2,0],"8":[2,0],"9":[0,2],"10":[0,2]},"_coverageSchema":"1a1c01bbd47fc00a2c39e90264f33305004495a9","hash":"1df4f797a2cbcc7c1e2127b059b95e01614c7e0d"}
,"/Proyectos/kajamart/frontend/src/features/roles/editRoles.jsx": {"path":"/Proyectos/kajamart/frontend/src/features/roles/editRoles.jsx","statementMap":{"0":{"start":{"line":11,"column":79},"end":{"line":11,"column":96}},"1":{"start":{"line":12,"column":46},"end":{"line":12,"column":61}},"2":{"start":{"line":14,"column":40},"end":{"line":14,"column":54}},"3":{"start":{"line":15,"column":26},"end":{"line":20,"column":4}},"4":{"start":{"line":23,"column":40},"end":{"line":26,"column":4}},"5":{"start":{"line":29,"column":28},"end":{"line":43,"column":3}},"6":{"start":{"line":30,"column":4},"end":{"line":32,"column":5}},"7":{"start":{"line":31,"column":6},"end":{"line":31,"column":73}},"8":{"start":{"line":33,"column":4},"end":{"line":35,"column":5}},"9":{"start":{"line":34,"column":6},"end":{"line":34,"column":85}},"10":{"start":{"line":36,"column":4},"end":{"line":38,"column":5}},"11":{"start":{"line":37,"column":6},"end":{"line":37,"column":82}},"12":{"start":{"line":39,"column":4},"end":{"line":41,"column":5}},"13":{"start":{"line":40,"column":6},"end":{"line":40,"column":101}},"14":{"start":{"line":42,"column":4},"end":{"line":42,"column":42}},"15":{"start":{"line":45,"column":30},"end":{"line":56,"column":3}},"16":{"start":{"line":46,"column":4},"end":{"line":48,"column":5}},"17":{"start":{"line":47,"column":6},"end":{"line":47,"column":70}},"18":{"start":{"line":49,"column":4},"end":{"line":51,"column":5}},"19":{"start":{"line":50,"column":6},"end":{"line":50,"column":91}},"20":{"start":{"line":52,"column":4},"end":{"line":54,"column":5}},"21":{"start":{"line":53,"column":6},"end":{"line":53,"column":88}},"22":{"start":{"line":55,"column":4},"end":{"line":55,"column":42}},"23":{"start":{"line":59,"column":2},"end":{"line":95,"column":13}},"24":{"start":{"line":60,"column":4},"end":{"line":94,"column":5}},"25":{"start":{"line":62,"column":6},"end":{"line":67,"column":9}},"26":{"start":{"line":69,"column":6},"end":{"line":72,"column":9}},"27":{"start":{"line":73,"column":6},"end":{"line":73,"column":27}},"28":{"start":{"line":75,"column":28},"end":{"line":84,"column":7}},"29":{"start":{"line":76,"column":8},"end":{"line":83,"column":9}},"30":{"start":{"line":77,"column":27},"end":{"line":79,"column":11}},"31":{"start":{"line":80,"column":10},"end":{"line":80,"column":31}},"32":{"start":{"line":82,"column":10},"end":{"line":82,"column":74}},"33":{"start":{"line":86,"column":6},"end":{"line":86,"column":22}},"34":{"start":{"line":88,"column":6},"end":{"line":88,"column":78}},"35":{"start":{"line":89,"column":6},"end":{"line":92,"column":9}},"36":{"start":{"line":93,"column":6},"end":{"line":93,"column":27}},"37":{"start":{"line":98,"column":2},"end":{"line":122,"column":41}},"38":{"start":{"line":99,"column":4},"end":{"line":121,"column":5}},"39":{"start":{"line":104,"column":22},"end":{"line":104,"column":24}},"40":{"start":{"line":105,"column":6},"end":{"line":115,"column":9}},"41":{"start":{"line":106,"column":31},"end":{"line":110,"column":9}},"42":{"start":{"line":108,"column":19},"end":{"line":108,"column":57}},"43":{"start":{"line":111,"column":8},"end":{"line":114,"column":11}},"44":{"start":{"line":112,"column":22},"end":{"line":112,"column":49}},"45":{"start":{"line":113,"column":10},"end":{"line":113,"column":58}},"46":{"start":{"line":117,"column":6},"end":{"line":120,"column":10}},"47":{"start":{"line":117,"column":29},"end":{"line":120,"column":7}},"48":{"start":{"line":125,"column":23},"end":{"line":137,"column":3}},"49":{"start":{"line":126,"column":28},"end":{"line":126,"column":36}},"50":{"start":{"line":127,"column":4},"end":{"line":127,"column":52}},"51":{"start":{"line":127,"column":23},"end":{"line":127,"column":49}},"52":{"start":{"line":130,"column":4},"end":{"line":136,"column":5}},"53":{"start":{"line":131,"column":25},"end":{"line":131,"column":49}},"54":{"start":{"line":132,"column":6},"end":{"line":132,"column":69}},"55":{"start":{"line":132,"column":32},"end":{"line":132,"column":66}},"56":{"start":{"line":133,"column":11},"end":{"line":136,"column":5}},"57":{"start":{"line":134,"column":25},"end":{"line":134,"column":51}},"58":{"start":{"line":135,"column":6},"end":{"line":135,"column":71}},"59":{"start":{"line":135,"column":32},"end":{"line":135,"column":68}},"60":{"start":{"line":139,"column":30},"end":{"line":180,"column":3}},"61":{"start":{"line":140,"column":32},"end":{"line":140,"column":46}},"62":{"start":{"line":141,"column":25},"end":{"line":141,"column":48}},"63":{"start":{"line":144,"column":27},"end":{"line":144,"column":60}},"64":{"start":{"line":145,"column":26},"end":{"line":145,"column":83}},"65":{"start":{"line":145,"column":53},"end":{"line":145,"column":82}},"66":{"start":{"line":146,"column":26},"end":{"line":146,"column":76}},"67":{"start":{"line":149,"column":19},"end":{"line":154,"column":6}},"68":{"start":{"line":150,"column":25},"end":{"line":150,"column":37}},"69":{"start":{"line":151,"column":6},"end":{"line":151,"column":39}},"70":{"start":{"line":151,"column":26},"end":{"line":151,"column":39}},"71":{"start":{"line":152,"column":16},"end":{"line":152,"column":84}},"72":{"start":{"line":152,"column":46},"end":{"line":152,"column":83}},"73":{"start":{"line":153,"column":6},"end":{"line":153,"column":115}},"74":{"start":{"line":156,"column":4},"end":{"line":179,"column":7}},"75":{"start":{"line":157,"column":26},"end":{"line":157,"column":46}},"76":{"start":{"line":158,"column":26},"end":{"line":158,"column":43}},"77":{"start":{"line":161,"column":6},"end":{"line":161,"column":37}},"78":{"start":{"line":164,"column":6},"end":{"line":166,"column":7}},"79":{"start":{"line":165,"column":8},"end":{"line":165,"column":35}},"80":{"start":{"line":169,"column":6},"end":{"line":176,"column":7}},"81":{"start":{"line":170,"column":8},"end":{"line":175,"column":11}},"82":{"start":{"line":171,"column":24},"end":{"line":171,"column":36}},"83":{"start":{"line":172,"column":10},"end":{"line":174,"column":11}},"84":{"start":{"line":173,"column":12},"end":{"line":173,"column":35}},"85":{"start":{"line":178,"column":6},"end":{"line":178,"column":48}},"86":{"start":{"line":182,"column":26},"end":{"line":189,"column":3}},"87":{"start":{"line":183,"column":24},"end":{"line":183,"column":68}},"88":{"start":{"line":183,"column":66},"end":{"line":183,"column":67}},"89":{"start":{"line":184,"column":24},"end":{"line":184,"column":26}},"90":{"start":{"line":185,"column":4},"end":{"line":187,"column":7}},"91":{"start":{"line":186,"column":6},"end":{"line":186,"column":38}},"92":{"start":{"line":188,"column":4},"end":{"line":188,"column":60}},"93":{"start":{"line":188,"column":23},"end":{"line":188,"column":57}},"94":{"start":{"line":191,"column":29},"end":{"line":200,"column":3}},"95":{"start":{"line":192,"column":24},"end":{"line":192,"column":36}},"96":{"start":{"line":193,"column":20},"end":{"line":195,"column":7}},"97":{"start":{"line":197,"column":4},"end":{"line":199,"column":7}},"98":{"start":{"line":198,"column":6},"end":{"line":198,"column":75}},"99":{"start":{"line":198,"column":21},"end":{"line":198,"column":75}},"100":{"start":{"line":198,"column":40},"end":{"line":198,"column":72}},"101":{"start":{"line":203,"column":23},"end":{"line":253,"column":3}},"102":{"start":{"line":204,"column":4},"end":{"line":204,"column":23}},"103":{"start":{"line":207,"column":29},"end":{"line":207,"column":62}},"104":{"start":{"line":208,"column":34},"end":{"line":208,"column":71}},"105":{"start":{"line":210,"column":4},"end":{"line":213,"column":7}},"106":{"start":{"line":215,"column":4},"end":{"line":217,"column":5}},"107":{"start":{"line":216,"column":6},"end":{"line":216,"column":13}},"108":{"start":{"line":219,"column":34},"end":{"line":221,"column":54}},"109":{"start":{"line":220,"column":32},"end":{"line":220,"column":39}},"110":{"start":{"line":221,"column":22},"end":{"line":221,"column":53}},"111":{"start":{"line":223,"column":24},"end":{"line":228,"column":5}},"112":{"start":{"line":230,"column":4},"end":{"line":252,"column":5}},"113":{"start":{"line":231,"column":26},"end":{"line":231,"column":68}},"114":{"start":{"line":233,"column":6},"end":{"line":249,"column":7}},"115":{"start":{"line":234,"column":8},"end":{"line":234,"column":60}},"116":{"start":{"line":237,"column":37},"end":{"line":242,"column":9}},"117":{"start":{"line":245,"column":8},"end":{"line":245,"column":63}},"118":{"start":{"line":245,"column":27},"end":{"line":245,"column":63}},"119":{"start":{"line":248,"column":8},"end":{"line":248,"column":18}},"120":{"start":{"line":251,"column":6},"end":{"line":251,"column":60}},"121":{"start":{"line":256,"column":26},"end":{"line":260,"column":3}},"122":{"start":{"line":262,"column":24},"end":{"line":270,"column":3}},"123":{"start":{"line":272,"column":2},"end":{"line":272,"column":27}},"124":{"start":{"line":272,"column":15},"end":{"line":272,"column":27}},"125":{"start":{"line":274,"column":2},"end":{"line":513,"column":4}},"126":{"start":{"line":298,"column":30},"end":{"line":298,"column":49}},"127":{"start":{"line":425,"column":123},"end":{"line":425,"column":124}},"128":{"start":{"line":444,"column":30},"end":{"line":472,"column":35}},"129":{"start":{"line":451,"column":50},"end":{"line":451,"column":77}},"130":{"start":{"line":452,"column":38},"end":{"line":468,"column":40}},"131":{"start":{"line":461,"column":46},"end":{"line":461,"column":70}}},"fnMap":{"0":{"name":"EditRoles","decl":{"start":{"line":10,"column":24},"end":{"line":10,"column":33}},"loc":{"start":{"line":10,"column":76},"end":{"line":514,"column":1}},"line":10},"1":{"name":"(anonymous_1)","decl":{"start":{"line":29,"column":28},"end":{"line":29,"column":29}},"loc":{"start":{"line":29,"column":39},"end":{"line":43,"column":3}},"line":29},"2":{"name":"(anonymous_2)","decl":{"start":{"line":45,"column":30},"end":{"line":45,"column":31}},"loc":{"start":{"line":45,"column":41},"end":{"line":56,"column":3}},"line":45},"3":{"name":"(anonymous_3)","decl":{"start":{"line":59,"column":12},"end":{"line":59,"column":13}},"loc":{"start":{"line":59,"column":18},"end":{"line":95,"column":3}},"line":59},"4":{"name":"(anonymous_4)","decl":{"start":{"line":75,"column":28},"end":{"line":75,"column":29}},"loc":{"start":{"line":75,"column":40},"end":{"line":84,"column":7}},"line":75},"5":{"name":"(anonymous_5)","decl":{"start":{"line":98,"column":12},"end":{"line":98,"column":13}},"loc":{"start":{"line":98,"column":18},"end":{"line":122,"column":3}},"line":98},"6":{"name":"(anonymous_6)","decl":{"start":{"line":105,"column":50},"end":{"line":105,"column":51}},"loc":{"start":{"line":105,"column":74},"end":{"line":115,"column":7}},"line":105},"7":{"name":"(anonymous_7)","decl":{"start":{"line":108,"column":12},"end":{"line":108,"column":13}},"loc":{"start":{"line":108,"column":19},"end":{"line":108,"column":57}},"line":108},"8":{"name":"(anonymous_8)","decl":{"start":{"line":111,"column":25},"end":{"line":111,"column":26}},"loc":{"start":{"line":111,"column":32},"end":{"line":114,"column":9}},"line":111},"9":{"name":"(anonymous_9)","decl":{"start":{"line":117,"column":14},"end":{"line":117,"column":15}},"loc":{"start":{"line":117,"column":29},"end":{"line":120,"column":7}},"line":117},"10":{"name":"(anonymous_10)","decl":{"start":{"line":125,"column":23},"end":{"line":125,"column":24}},"loc":{"start":{"line":125,"column":30},"end":{"line":137,"column":3}},"line":125},"11":{"name":"(anonymous_11)","decl":{"start":{"line":127,"column":12},"end":{"line":127,"column":13}},"loc":{"start":{"line":127,"column":23},"end":{"line":127,"column":49}},"line":127},"12":{"name":"(anonymous_12)","decl":{"start":{"line":132,"column":21},"end":{"line":132,"column":22}},"loc":{"start":{"line":132,"column":32},"end":{"line":132,"column":66}},"line":132},"13":{"name":"(anonymous_13)","decl":{"start":{"line":135,"column":21},"end":{"line":135,"column":22}},"loc":{"start":{"line":135,"column":32},"end":{"line":135,"column":68}},"line":135},"14":{"name":"(anonymous_14)","decl":{"start":{"line":139,"column":30},"end":{"line":139,"column":31}},"loc":{"start":{"line":139,"column":39},"end":{"line":180,"column":3}},"line":139},"15":{"name":"(anonymous_15)","decl":{"start":{"line":145,"column":46},"end":{"line":145,"column":47}},"loc":{"start":{"line":145,"column":53},"end":{"line":145,"column":82}},"line":145},"16":{"name":"(anonymous_16)","decl":{"start":{"line":149,"column":51},"end":{"line":149,"column":52}},"loc":{"start":{"line":149,"column":58},"end":{"line":154,"column":5}},"line":149},"17":{"name":"(anonymous_17)","decl":{"start":{"line":152,"column":36},"end":{"line":152,"column":37}},"loc":{"start":{"line":152,"column":46},"end":{"line":152,"column":83}},"line":152},"18":{"name":"(anonymous_18)","decl":{"start":{"line":156,"column":12},"end":{"line":156,"column":13}},"loc":{"start":{"line":156,"column":22},"end":{"line":179,"column":5}},"line":156},"19":{"name":"(anonymous_19)","decl":{"start":{"line":170,"column":41},"end":{"line":170,"column":42}},"loc":{"start":{"line":170,"column":48},"end":{"line":175,"column":9}},"line":170},"20":{"name":"(anonymous_20)","decl":{"start":{"line":182,"column":26},"end":{"line":182,"column":27}},"loc":{"start":{"line":182,"column":32},"end":{"line":189,"column":3}},"line":182},"21":{"name":"(anonymous_21)","decl":{"start":{"line":183,"column":59},"end":{"line":183,"column":60}},"loc":{"start":{"line":183,"column":66},"end":{"line":183,"column":67}},"line":183},"22":{"name":"(anonymous_22)","decl":{"start":{"line":185,"column":39},"end":{"line":185,"column":40}},"loc":{"start":{"line":185,"column":48},"end":{"line":187,"column":5}},"line":185},"23":{"name":"(anonymous_23)","decl":{"start":{"line":188,"column":12},"end":{"line":188,"column":13}},"loc":{"start":{"line":188,"column":23},"end":{"line":188,"column":57}},"line":188},"24":{"name":"(anonymous_24)","decl":{"start":{"line":191,"column":29},"end":{"line":191,"column":30}},"loc":{"start":{"line":191,"column":35},"end":{"line":200,"column":3}},"line":191},"25":{"name":"(anonymous_25)","decl":{"start":{"line":197,"column":35},"end":{"line":197,"column":36}},"loc":{"start":{"line":197,"column":50},"end":{"line":199,"column":5}},"line":197},"26":{"name":"(anonymous_26)","decl":{"start":{"line":198,"column":29},"end":{"line":198,"column":30}},"loc":{"start":{"line":198,"column":40},"end":{"line":198,"column":72}},"line":198},"27":{"name":"(anonymous_27)","decl":{"start":{"line":203,"column":23},"end":{"line":203,"column":24}},"loc":{"start":{"line":203,"column":36},"end":{"line":253,"column":3}},"line":203},"28":{"name":"(anonymous_28)","decl":{"start":{"line":220,"column":14},"end":{"line":220,"column":15}},"loc":{"start":{"line":220,"column":32},"end":{"line":220,"column":39}},"line":220},"29":{"name":"(anonymous_29)","decl":{"start":{"line":221,"column":11},"end":{"line":221,"column":12}},"loc":{"start":{"line":221,"column":22},"end":{"line":221,"column":53}},"line":221},"30":{"name":"(anonymous_30)","decl":{"start":{"line":298,"column":23},"end":{"line":298,"column":24}},"loc":{"start":{"line":298,"column":30},"end":{"line":298,"column":49}},"line":298},"31":{"name":"(anonymous_31)","decl":{"start":{"line":425,"column":116},"end":{"line":425,"column":117}},"loc":{"start":{"line":425,"column":123},"end":{"line":425,"column":124}},"line":425},"32":{"name":"(anonymous_32)","decl":{"start":{"line":443,"column":28},"end":{"line":443,"column":29}},"loc":{"start":{"line":444,"column":30},"end":{"line":472,"column":35}},"line":444},"33":{"name":"(anonymous_33)","decl":{"start":{"line":450,"column":50},"end":{"line":450,"column":51}},"loc":{"start":{"line":450,"column":57},"end":{"line":469,"column":37}},"line":450},"34":{"name":"(anonymous_34)","decl":{"start":{"line":460,"column":54},"end":{"line":460,"column":55}},"loc":{"start":{"line":461,"column":46},"end":{"line":461,"column":70}},"line":461}},"branchMap":{"0":{"loc":{"start":{"line":30,"column":4},"end":{"line":32,"column":5}},"type":"if","locations":[{"start":{"line":30,"column":4},"end":{"line":32,"column":5}},{"start":{},"end":{}}],"line":30},"1":{"loc":{"start":{"line":30,"column":8},"end":{"line":30,"column":43}},"type":"binary-expr","locations":[{"start":{"line":30,"column":8},"end":{"line":30,"column":14}},{"start":{"line":30,"column":18},"end":{"line":30,"column":43}}],"line":30},"2":{"loc":{"start":{"line":33,"column":4},"end":{"line":35,"column":5}},"type":"if","locations":[{"start":{"line":33,"column":4},"end":{"line":35,"column":5}},{"start":{},"end":{}}],"line":33},"3":{"loc":{"start":{"line":36,"column":4},"end":{"line":38,"column":5}},"type":"if","locations":[{"start":{"line":36,"column":4},"end":{"line":38,"column":5}},{"start":{},"end":{}}],"line":36},"4":{"loc":{"start":{"line":39,"column":4},"end":{"line":41,"column":5}},"type":"if","locations":[{"start":{"line":39,"column":4},"end":{"line":41,"column":5}},{"start":{},"end":{}}],"line":39},"5":{"loc":{"start":{"line":46,"column":4},"end":{"line":48,"column":5}},"type":"if","locations":[{"start":{"line":46,"column":4},"end":{"line":48,"column":5}},{"start":{},"end":{}}],"line":46},"6":{"loc":{"start":{"line":46,"column":8},"end":{"line":46,"column":43}},"type":"binary-expr","locations":[{"start":{"line":46,"column":8},"end":{"line":46,"column":14}},{"start":{"line":46,"column":18},"end":{"line":46,"column":43}}],"line":46},"7":{"loc":{"start":{"line":49,"column":4},"end":{"line":51,"column":5}},"type":"if","locations":[{"start":{"line":49,"column":4},"end":{"line":51,"column":5}},{"start":{},"end":{}}],"line":49},"8":{"loc":{"start":{"line":52,"column":4},"end":{"line":54,"column":5}},"type":"if","locations":[{"start":{"line":52,"column":4},"end":{"line":54,"column":5}},{"start":{},"end":{}}],"line":52},"9":{"loc":{"start":{"line":60,"column":4},"end":{"line":94,"column":5}},"type":"if","locations":[{"start":{"line":60,"column":4},"end":{"line":94,"column":5}},{"start":{"line":87,"column":11},"end":{"line":94,"column":5}}],"line":60},"10":{"loc":{"start":{"line":99,"column":4},"end":{"line":121,"column":5}},"type":"if","locations":[{"start":{"line":99,"column":4},"end":{"line":121,"column":5}},{"start":{},"end":{}}],"line":99},"11":{"loc":{"start":{"line":100,"column":6},"end":{"line":102,"column":49}},"type":"binary-expr","locations":[{"start":{"line":100,"column":6},"end":{"line":100,"column":17}},{"start":{"line":101,"column":6},"end":{"line":101,"column":25}},{"start":{"line":102,"column":6},"end":{"line":102,"column":49}}],"line":100},"12":{"loc":{"start":{"line":107,"column":11},"end":{"line":107,"column":41}},"type":"binary-expr","locations":[{"start":{"line":107,"column":11},"end":{"line":107,"column":35}},{"start":{"line":107,"column":39},"end":{"line":107,"column":41}}],"line":107},"13":{"loc":{"start":{"line":108,"column":19},"end":{"line":108,"column":57}},"type":"binary-expr","locations":[{"start":{"line":108,"column":19},"end":{"line":108,"column":41}},{"start":{"line":108,"column":45},"end":{"line":108,"column":57}}],"line":108},"14":{"loc":{"start":{"line":130,"column":4},"end":{"line":136,"column":5}},"type":"if","locations":[{"start":{"line":130,"column":4},"end":{"line":136,"column":5}},{"start":{"line":133,"column":11},"end":{"line":136,"column":5}}],"line":130},"15":{"loc":{"start":{"line":133,"column":11},"end":{"line":136,"column":5}},"type":"if","locations":[{"start":{"line":133,"column":11},"end":{"line":136,"column":5}},{"start":{},"end":{}}],"line":133},"16":{"loc":{"start":{"line":144,"column":27},"end":{"line":144,"column":60}},"type":"binary-expr","locations":[{"start":{"line":144,"column":27},"end":{"line":144,"column":54}},{"start":{"line":144,"column":58},"end":{"line":144,"column":60}}],"line":144},"17":{"loc":{"start":{"line":146,"column":26},"end":{"line":146,"column":76}},"type":"binary-expr","locations":[{"start":{"line":146,"column":26},"end":{"line":146,"column":70}},{"start":{"line":146,"column":74},"end":{"line":146,"column":76}}],"line":146},"18":{"loc":{"start":{"line":151,"column":6},"end":{"line":151,"column":39}},"type":"if","locations":[{"start":{"line":151,"column":6},"end":{"line":151,"column":39}},{"start":{},"end":{}}],"line":151},"19":{"loc":{"start":{"line":153,"column":13},"end":{"line":153,"column":114}},"type":"binary-expr","locations":[{"start":{"line":153,"column":13},"end":{"line":153,"column":61}},{"start":{"line":153,"column":65},"end":{"line":153,"column":114}}],"line":153},"20":{"loc":{"start":{"line":164,"column":6},"end":{"line":166,"column":7}},"type":"if","locations":[{"start":{"line":164,"column":6},"end":{"line":166,"column":7}},{"start":{},"end":{}}],"line":164},"21":{"loc":{"start":{"line":164,"column":10},"end":{"line":164,"column":100}},"type":"binary-expr","locations":[{"start":{"line":164,"column":10},"end":{"line":164,"column":21}},{"start":{"line":164,"column":25},"end":{"line":164,"column":55}},{"start":{"line":164,"column":59},"end":{"line":164,"column":90}},{"start":{"line":164,"column":94},"end":{"line":164,"column":100}}],"line":164},"22":{"loc":{"start":{"line":169,"column":6},"end":{"line":176,"column":7}},"type":"if","locations":[{"start":{"line":169,"column":6},"end":{"line":176,"column":7}},{"start":{},"end":{}}],"line":169},"23":{"loc":{"start":{"line":169,"column":10},"end":{"line":169,"column":91}},"type":"binary-expr","locations":[{"start":{"line":169,"column":10},"end":{"line":169,"column":22}},{"start":{"line":169,"column":27},"end":{"line":169,"column":56}},{"start":{"line":169,"column":60},"end":{"line":169,"column":90}}],"line":169},"24":{"loc":{"start":{"line":172,"column":10},"end":{"line":174,"column":11}},"type":"if","locations":[{"start":{"line":172,"column":10},"end":{"line":174,"column":11}},{"start":{},"end":{}}],"line":172},"25":{"loc":{"start":{"line":172,"column":14},"end":{"line":172,"column":41}},"type":"binary-expr","locations":[{"start":{"line":172,"column":14},"end":{"line":172,"column":28}},{"start":{"line":172,"column":32},"end":{"line":172,"column":41}}],"line":172},"26":{"loc":{"start":{"line":194,"column":6},"end":{"line":194,"column":45}},"type":"cond-expr","locations":[{"start":{"line":194,"column":20},"end":{"line":194,"column":30}},{"start":{"line":194,"column":33},"end":{"line":194,"column":45}}],"line":194},"27":{"loc":{"start":{"line":198,"column":6},"end":{"line":198,"column":75}},"type":"if","locations":[{"start":{"line":198,"column":6},"end":{"line":198,"column":75}},{"start":{},"end":{}}],"line":198},"28":{"loc":{"start":{"line":215,"column":4},"end":{"line":217,"column":5}},"type":"if","locations":[{"start":{"line":215,"column":4},"end":{"line":217,"column":5}},{"start":{},"end":{}}],"line":215},"29":{"loc":{"start":{"line":215,"column":8},"end":{"line":215,"column":67}},"type":"binary-expr","locations":[{"start":{"line":215,"column":8},"end":{"line":215,"column":33}},{"start":{"line":215,"column":37},"end":{"line":215,"column":67}}],"line":215},"30":{"loc":{"start":{"line":233,"column":6},"end":{"line":249,"column":7}},"type":"if","locations":[{"start":{"line":233,"column":6},"end":{"line":249,"column":7}},{"start":{},"end":{}}],"line":233},"31":{"loc":{"start":{"line":245,"column":8},"end":{"line":245,"column":63}},"type":"if","locations":[{"start":{"line":245,"column":8},"end":{"line":245,"column":63}},{"start":{},"end":{}}],"line":245},"32":{"loc":{"start":{"line":272,"column":2},"end":{"line":272,"column":27}},"type":"if","locations":[{"start":{"line":272,"column":2},"end":{"line":272,"column":27}},{"start":{},"end":{}}],"line":272},"33":{"loc":{"start":{"line":276,"column":7},"end":{"line":511,"column":7}},"type":"binary-expr","locations":[{"start":{"line":276,"column":7},"end":{"line":276,"column":13}},{"start":{"line":277,"column":8},"end":{"line":510,"column":11}}],"line":276},"34":{"loc":{"start":{"line":326,"column":26},"end":{"line":330,"column":47}},"type":"cond-expr","locations":[{"start":{"line":327,"column":30},"end":{"line":329,"column":80}},{"start":{"line":330,"column":30},"end":{"line":330,"column":47}}],"line":326},"35":{"loc":{"start":{"line":327,"column":30},"end":{"line":329,"column":80}},"type":"cond-expr","locations":[{"start":{"line":328,"column":32},"end":{"line":328,"column":84}},{"start":{"line":329,"column":32},"end":{"line":329,"column":80}}],"line":327},"36":{"loc":{"start":{"line":333,"column":23},"end":{"line":341,"column":23}},"type":"binary-expr","locations":[{"start":{"line":333,"column":23},"end":{"line":333,"column":37}},{"start":{"line":334,"column":24},"end":{"line":340,"column":30}}],"line":333},"37":{"loc":{"start":{"line":335,"column":27},"end":{"line":339,"column":27}},"type":"cond-expr","locations":[{"start":{"line":336,"column":28},"end":{"line":336,"column":78}},{"start":{"line":338,"column":28},"end":{"line":338,"column":76}}],"line":335},"38":{"loc":{"start":{"line":343,"column":21},"end":{"line":347,"column":21}},"type":"binary-expr","locations":[{"start":{"line":343,"column":21},"end":{"line":343,"column":35}},{"start":{"line":343,"column":39},"end":{"line":343,"column":66}},{"start":{"line":344,"column":22},"end":{"line":346,"column":26}}],"line":343},"39":{"loc":{"start":{"line":348,"column":21},"end":{"line":352,"column":21}},"type":"binary-expr","locations":[{"start":{"line":348,"column":21},"end":{"line":348,"column":35}},{"start":{"line":348,"column":39},"end":{"line":348,"column":68}},{"start":{"line":349,"column":22},"end":{"line":351,"column":26}}],"line":348},"40":{"loc":{"start":{"line":365,"column":26},"end":{"line":369,"column":47}},"type":"cond-expr","locations":[{"start":{"line":366,"column":30},"end":{"line":368,"column":80}},{"start":{"line":369,"column":30},"end":{"line":369,"column":47}}],"line":365},"41":{"loc":{"start":{"line":366,"column":30},"end":{"line":368,"column":80}},"type":"cond-expr","locations":[{"start":{"line":367,"column":32},"end":{"line":367,"column":84}},{"start":{"line":368,"column":32},"end":{"line":368,"column":80}}],"line":366},"42":{"loc":{"start":{"line":373,"column":23},"end":{"line":381,"column":23}},"type":"binary-expr","locations":[{"start":{"line":373,"column":23},"end":{"line":373,"column":39}},{"start":{"line":374,"column":24},"end":{"line":380,"column":30}}],"line":373},"43":{"loc":{"start":{"line":375,"column":27},"end":{"line":379,"column":27}},"type":"cond-expr","locations":[{"start":{"line":376,"column":28},"end":{"line":376,"column":78}},{"start":{"line":378,"column":28},"end":{"line":378,"column":76}}],"line":375},"44":{"loc":{"start":{"line":383,"column":21},"end":{"line":387,"column":21}},"type":"binary-expr","locations":[{"start":{"line":383,"column":21},"end":{"line":383,"column":37}},{"start":{"line":383,"column":41},"end":{"line":383,"column":70}},{"start":{"line":384,"column":22},"end":{"line":386,"column":26}}],"line":383},"45":{"loc":{"start":{"line":388,"column":21},"end":{"line":392,"column":21}},"type":"binary-expr","locations":[{"start":{"line":388,"column":21},"end":{"line":388,"column":37}},{"start":{"line":388,"column":41},"end":{"line":388,"column":72}},{"start":{"line":389,"column":22},"end":{"line":391,"column":26}}],"line":388},"46":{"loc":{"start":{"line":403,"column":22},"end":{"line":403,"column":69}},"type":"cond-expr","locations":[{"start":{"line":403,"column":36},"end":{"line":403,"column":52}},{"start":{"line":403,"column":55},"end":{"line":403,"column":69}}],"line":403},"47":{"loc":{"start":{"line":406,"column":21},"end":{"line":406,"column":56}},"type":"cond-expr","locations":[{"start":{"line":406,"column":35},"end":{"line":406,"column":43}},{"start":{"line":406,"column":46},"end":{"line":406,"column":56}}],"line":406},"48":{"loc":{"start":{"line":430,"column":19},"end":{"line":478,"column":19}},"type":"cond-expr","locations":[{"start":{"line":431,"column":20},"end":{"line":431,"column":81}},{"start":{"line":433,"column":20},"end":{"line":477,"column":26}}],"line":430},"49":{"loc":{"start":{"line":459,"column":53},"end":{"line":459,"column":80}},"type":"binary-expr","locations":[{"start":{"line":459,"column":53},"end":{"line":459,"column":71}},{"start":{"line":459,"column":75},"end":{"line":459,"column":80}}],"line":459},"50":{"loc":{"start":{"line":492,"column":30},"end":{"line":492,"column":110}},"type":"binary-expr","locations":[{"start":{"line":492,"column":30},"end":{"line":492,"column":40}},{"start":{"line":492,"column":44},"end":{"line":492,"column":74}},{"start":{"line":492,"column":78},"end":{"line":492,"column":110}}],"line":492},"51":{"loc":{"start":{"line":495,"column":21},"end":{"line":495,"column":68}},"type":"cond-expr","locations":[{"start":{"line":495,"column":34},"end":{"line":495,"column":48}},{"start":{"line":495,"column":51},"end":{"line":495,"column":68}}],"line":495},"52":{"loc":{"start":{"line":500,"column":15},"end":{"line":507,"column":15}},"type":"binary-expr","locations":[{"start":{"line":500,"column":15},"end":{"line":500,"column":25}},{"start":{"line":501,"column":16},"end":{"line":506,"column":22}}],"line":500}},"s":{"0":2,"1":2,"2":2,"3":2,"4":2,"5":2,"6":1,"7":0,"8":1,"9":0,"10":1,"11":0,"12":1,"13":0,"14":1,"15":2,"16":1,"17":0,"18":1,"19":0,"20":1,"21":0,"22":1,"23":2,"24":1,"25":1,"26":1,"27":1,"28":1,"29":1,"30":1,"31":0,"32":0,"33":1,"34":0,"35":0,"36":0,"37":2,"38":1,"39":0,"40":0,"41":0,"42":0,"43":0,"44":0,"45":0,"46":0,"47":0,"48":2,"49":0,"50":0,"51":0,"52":0,"53":0,"54":0,"55":0,"56":0,"57":0,"58":0,"59":0,"60":2,"61":0,"62":0,"63":0,"64":0,"65":0,"66":0,"67":0,"68":0,"69":0,"70":0,"71":0,"72":0,"73":0,"74":0,"75":0,"76":0,"77":0,"78":0,"79":0,"80":0,"81":0,"82":0,"83":0,"84":0,"85":0,"86":2,"87":0,"88":0,"89":0,"90":0,"91":0,"92":0,"93":0,"94":2,"95":0,"96":0,"97":0,"98":0,"99":0,"100":0,"101":2,"102":0,"103":0,"104":0,"105":0,"106":0,"107":0,"108":0,"109":0,"110":0,"111":0,"112":0,"113":0,"114":0,"115":0,"116":0,"117":0,"118":0,"119":0,"120":0,"121":2,"122":2,"123":2,"124":0,"125":2,"126":0,"127":0,"128":0,"129":0,"130":0,"131":0},"f":{"0":2,"1":1,"2":1,"3":1,"4":1,"5":1,"6":0,"7":0,"8":0,"9":0,"10":0,"11":0,"12":0,"13":0,"14":0,"15":0,"16":0,"17":0,"18":0,"19":0,"20":0,"21":0,"22":0,"23":0,"24":0,"25":0,"26":0,"27":0,"28":0,"29":0,"30":0,"31":0,"32":0,"33":0,"34":0},"b":{"0":[0,1],"1":[1,1],"2":[0,1],"3":[0,1],"4":[0,1],"5":[0,1],"6":[1,1],"7":[0,1],"8":[0,1],"9":[1,0],"10":[0,1],"11":[1,0,0],"12":[0,0],"13":[0,0],"14":[0,0],"15":[0,0],"16":[0,0],"17":[0,0],"18":[0,0],"19":[0,0],"20":[0,0],"21":[0,0,0,0],"22":[0,0],"23":[0,0,0],"24":[0,0],"25":[0,0],"26":[0,0],"27":[0,0],"28":[0,0],"29":[0,0],"30":[0,0],"31":[0,0],"32":[0,2],"33":[2,2],"34":[1,1],"35":[1,0],"36":[2,1],"37":[1,0],"38":[2,1,0],"39":[2,1,1],"40":[1,1],"41":[1,0],"42":[2,1],"43":[1,0],"44":[2,1,0],"45":[2,1,1],"46":[2,0],"47":[2,0],"48":[2,0],"49":[0,0],"50":[2,2,1],"51":[0,2],"52":[2,0]},"_coverageSchema":"1a1c01bbd47fc00a2c39e90264f33305004495a9","hash":"b668b372bd98faed58e87f1a9f3b73a3c99b1480"}
,"/Proyectos/kajamart/frontend/src/features/roles/indexRoles.jsx": {"path":"/Proyectos/kajamart/frontend/src/features/roles/indexRoles.jsx","statementMap":{"0":{"start":{"line":14,"column":22},"end":{"line":14,"column":90}},"1":{"start":{"line":15,"column":22},"end":{"line":15,"column":130}},"2":{"start":{"line":18,"column":2},"end":{"line":37,"column":4}},"3":{"start":{"line":41,"column":38},"end":{"line":41,"column":50}},"4":{"start":{"line":42,"column":40},"end":{"line":42,"column":51}},"5":{"start":{"line":43,"column":18},"end":{"line":43,"column":19}},"6":{"start":{"line":52,"column":6},"end":{"line":52,"column":77}},"7":{"start":{"line":54,"column":20},"end":{"line":54,"column":31}},"8":{"start":{"line":55,"column":32},"end":{"line":55,"column":49}},"9":{"start":{"line":56,"column":42},"end":{"line":56,"column":56}},"10":{"start":{"line":57,"column":44},"end":{"line":57,"column":59}},"11":{"start":{"line":58,"column":38},"end":{"line":58,"column":53}},"12":{"start":{"line":59,"column":52},"end":{"line":59,"column":67}},"13":{"start":{"line":60,"column":42},"end":{"line":60,"column":56}},"14":{"start":{"line":61,"column":40},"end":{"line":61,"column":55}},"15":{"start":{"line":62,"column":37},"end":{"line":62,"column":46}},"16":{"start":{"line":63,"column":20},"end":{"line":63,"column":48}},"17":{"start":{"line":64,"column":18},"end":{"line":64,"column":47}},"18":{"start":{"line":65,"column":20},"end":{"line":65,"column":51}},"19":{"start":{"line":67,"column":34},"end":{"line":67,"column":53}},"20":{"start":{"line":68,"column":23},"end":{"line":74,"column":3}},"21":{"start":{"line":69,"column":4},"end":{"line":73,"column":7}},"22":{"start":{"line":70,"column":19},"end":{"line":70,"column":32}},"23":{"start":{"line":71,"column":6},"end":{"line":71,"column":52}},"24":{"start":{"line":72,"column":6},"end":{"line":72,"column":18}},"25":{"start":{"line":76,"column":2},"end":{"line":85,"column":66}},"26":{"start":{"line":77,"column":4},"end":{"line":80,"column":17}},"27":{"start":{"line":82,"column":4},"end":{"line":84,"column":6}},"28":{"start":{"line":83,"column":6},"end":{"line":83,"column":44}},"29":{"start":{"line":87,"column":28},"end":{"line":91,"column":3}},"30":{"start":{"line":88,"column":4},"end":{"line":88,"column":22}},"31":{"start":{"line":89,"column":4},"end":{"line":89,"column":15}},"32":{"start":{"line":90,"column":4},"end":{"line":90,"column":26}},"33":{"start":{"line":93,"column":28},"end":{"line":97,"column":3}},"34":{"start":{"line":94,"column":4},"end":{"line":94,"column":15}},"35":{"start":{"line":95,"column":4},"end":{"line":95,"column":25}},"36":{"start":{"line":96,"column":4},"end":{"line":96,"column":26}},"37":{"start":{"line":99,"column":28},"end":{"line":107,"column":3}},"38":{"start":{"line":100,"column":4},"end":{"line":100,"column":32}},"39":{"start":{"line":101,"column":4},"end":{"line":101,"column":26}},"40":{"start":{"line":102,"column":4},"end":{"line":106,"column":5}},"41":{"start":{"line":103,"column":6},"end":{"line":103,"column":35}},"42":{"start":{"line":103,"column":28},"end":{"line":103,"column":33}},"43":{"start":{"line":105,"column":6},"end":{"line":105,"column":17}},"44":{"start":{"line":109,"column":27},"end":{"line":112,"column":3}},"45":{"start":{"line":110,"column":4},"end":{"line":110,"column":26}},"46":{"start":{"line":111,"column":4},"end":{"line":111,"column":27}},"47":{"start":{"line":114,"column":24},"end":{"line":117,"column":3}},"48":{"start":{"line":115,"column":4},"end":{"line":115,"column":26}},"49":{"start":{"line":116,"column":4},"end":{"line":116,"column":24}},"50":{"start":{"line":119,"column":26},"end":{"line":122,"column":3}},"51":{"start":{"line":120,"column":4},"end":{"line":120,"column":26}},"52":{"start":{"line":121,"column":4},"end":{"line":121,"column":31}},"53":{"start":{"line":124,"column":19},"end":{"line":124,"column":78}},"54":{"start":{"line":124,"column":26},"end":{"line":124,"column":78}},"55":{"start":{"line":126,"column":24},"end":{"line":126,"column":114}},"56":{"start":{"line":127,"column":22},"end":{"line":127,"column":116}},"57":{"start":{"line":129,"column":2},"end":{"line":135,"column":3}},"58":{"start":{"line":130,"column":4},"end":{"line":134,"column":6}},"59":{"start":{"line":137,"column":2},"end":{"line":327,"column":4}},"60":{"start":{"line":171,"column":20},"end":{"line":171,"column":50}},"61":{"start":{"line":172,"column":20},"end":{"line":172,"column":38}},"62":{"start":{"line":183,"column":18},"end":{"line":183,"column":64}},"63":{"start":{"line":184,"column":18},"end":{"line":184,"column":39}},"64":{"start":{"line":204,"column":29},"end":{"line":204,"column":56}},"65":{"start":{"line":205,"column":37},"end":{"line":205,"column":53}},"66":{"start":{"line":206,"column":18},"end":{"line":253,"column":20}},"67":{"start":{"line":210,"column":39},"end":{"line":210,"column":55}},"68":{"start":{"line":244,"column":58},"end":{"line":244,"column":80}},"69":{"start":{"line":245,"column":123},"end":{"line":245,"column":142}},"70":{"start":{"line":246,"column":129},"end":{"line":246,"column":150}},"71":{"start":{"line":283,"column":22},"end":{"line":304,"column":34}},"72":{"start":{"line":295,"column":65},"end":{"line":295,"column":87}},"73":{"start":{"line":297,"column":67},"end":{"line":297,"column":86}},"74":{"start":{"line":300,"column":67},"end":{"line":300,"column":88}},"75":{"start":{"line":319,"column":57},"end":{"line":319,"column":78}},"76":{"start":{"line":321,"column":60},"end":{"line":321,"column":84}},"77":{"start":{"line":321,"column":85},"end":{"line":321,"column":107}},"78":{"start":{"line":323,"column":54},"end":{"line":323,"column":75}},"79":{"start":{"line":323,"column":76},"end":{"line":323,"column":98}},"80":{"start":{"line":325,"column":67},"end":{"line":325,"column":95}},"81":{"start":{"line":325,"column":96},"end":{"line":325,"column":118}}},"fnMap":{"0":{"name":"ChevronIcon","decl":{"start":{"line":17,"column":9},"end":{"line":17,"column":20}},"loc":{"start":{"line":17,"column":31},"end":{"line":38,"column":1}},"line":17},"1":{"name":"IndexRoles","decl":{"start":{"line":40,"column":24},"end":{"line":40,"column":34}},"loc":{"start":{"line":40,"column":37},"end":{"line":328,"column":1}},"line":40},"2":{"name":"(anonymous_2)","decl":{"start":{"line":68,"column":23},"end":{"line":68,"column":24}},"loc":{"start":{"line":68,"column":31},"end":{"line":74,"column":3}},"line":68},"3":{"name":"(anonymous_3)","decl":{"start":{"line":69,"column":16},"end":{"line":69,"column":17}},"loc":{"start":{"line":69,"column":26},"end":{"line":73,"column":5}},"line":69},"4":{"name":"(anonymous_4)","decl":{"start":{"line":76,"column":12},"end":{"line":76,"column":13}},"loc":{"start":{"line":76,"column":18},"end":{"line":85,"column":3}},"line":76},"5":{"name":"(anonymous_5)","decl":{"start":{"line":82,"column":11},"end":{"line":82,"column":12}},"loc":{"start":{"line":82,"column":17},"end":{"line":84,"column":5}},"line":82},"6":{"name":"(anonymous_6)","decl":{"start":{"line":87,"column":28},"end":{"line":87,"column":29}},"loc":{"start":{"line":87,"column":34},"end":{"line":91,"column":3}},"line":87},"7":{"name":"(anonymous_7)","decl":{"start":{"line":93,"column":28},"end":{"line":93,"column":29}},"loc":{"start":{"line":93,"column":34},"end":{"line":97,"column":3}},"line":93},"8":{"name":"(anonymous_8)","decl":{"start":{"line":99,"column":28},"end":{"line":99,"column":29}},"loc":{"start":{"line":99,"column":34},"end":{"line":107,"column":3}},"line":99},"9":{"name":"(anonymous_9)","decl":{"start":{"line":103,"column":21},"end":{"line":103,"column":22}},"loc":{"start":{"line":103,"column":28},"end":{"line":103,"column":33}},"line":103},"10":{"name":"(anonymous_10)","decl":{"start":{"line":109,"column":27},"end":{"line":109,"column":28}},"loc":{"start":{"line":109,"column":37},"end":{"line":112,"column":3}},"line":109},"11":{"name":"(anonymous_11)","decl":{"start":{"line":114,"column":24},"end":{"line":114,"column":25}},"loc":{"start":{"line":114,"column":34},"end":{"line":117,"column":3}},"line":114},"12":{"name":"(anonymous_12)","decl":{"start":{"line":119,"column":26},"end":{"line":119,"column":27}},"loc":{"start":{"line":119,"column":36},"end":{"line":122,"column":3}},"line":119},"13":{"name":"(anonymous_13)","decl":{"start":{"line":124,"column":19},"end":{"line":124,"column":20}},"loc":{"start":{"line":124,"column":26},"end":{"line":124,"column":78}},"line":124},"14":{"name":"(anonymous_14)","decl":{"start":{"line":170,"column":28},"end":{"line":170,"column":29}},"loc":{"start":{"line":170,"column":35},"end":{"line":173,"column":19}},"line":170},"15":{"name":"(anonymous_15)","decl":{"start":{"line":182,"column":25},"end":{"line":182,"column":26}},"loc":{"start":{"line":182,"column":31},"end":{"line":185,"column":17}},"line":182},"16":{"name":"(anonymous_16)","decl":{"start":{"line":203,"column":31},"end":{"line":203,"column":32}},"loc":{"start":{"line":203,"column":44},"end":{"line":254,"column":17}},"line":203},"17":{"name":"(anonymous_17)","decl":{"start":{"line":210,"column":33},"end":{"line":210,"column":34}},"loc":{"start":{"line":210,"column":39},"end":{"line":210,"column":55}},"line":210},"18":{"name":"(anonymous_18)","decl":{"start":{"line":244,"column":52},"end":{"line":244,"column":53}},"loc":{"start":{"line":244,"column":58},"end":{"line":244,"column":80}},"line":244},"19":{"name":"(anonymous_19)","decl":{"start":{"line":245,"column":117},"end":{"line":245,"column":118}},"loc":{"start":{"line":245,"column":123},"end":{"line":245,"column":142}},"line":245},"20":{"name":"(anonymous_20)","decl":{"start":{"line":246,"column":123},"end":{"line":246,"column":124}},"loc":{"start":{"line":246,"column":129},"end":{"line":246,"column":150}},"line":246},"21":{"name":"(anonymous_21)","decl":{"start":{"line":282,"column":34},"end":{"line":282,"column":35}},"loc":{"start":{"line":283,"column":22},"end":{"line":304,"column":34}},"line":283},"22":{"name":"(anonymous_22)","decl":{"start":{"line":295,"column":59},"end":{"line":295,"column":60}},"loc":{"start":{"line":295,"column":65},"end":{"line":295,"column":87}},"line":295},"23":{"name":"(anonymous_23)","decl":{"start":{"line":297,"column":61},"end":{"line":297,"column":62}},"loc":{"start":{"line":297,"column":67},"end":{"line":297,"column":86}},"line":297},"24":{"name":"(anonymous_24)","decl":{"start":{"line":300,"column":61},"end":{"line":300,"column":62}},"loc":{"start":{"line":300,"column":67},"end":{"line":300,"column":88}},"line":300},"25":{"name":"(anonymous_25)","decl":{"start":{"line":319,"column":51},"end":{"line":319,"column":52}},"loc":{"start":{"line":319,"column":57},"end":{"line":319,"column":78}},"line":319},"26":{"name":"(anonymous_26)","decl":{"start":{"line":321,"column":52},"end":{"line":321,"column":53}},"loc":{"start":{"line":321,"column":58},"end":{"line":321,"column":109}},"line":321},"27":{"name":"(anonymous_27)","decl":{"start":{"line":323,"column":46},"end":{"line":323,"column":47}},"loc":{"start":{"line":323,"column":52},"end":{"line":323,"column":100}},"line":323},"28":{"name":"(anonymous_28)","decl":{"start":{"line":325,"column":59},"end":{"line":325,"column":60}},"loc":{"start":{"line":325,"column":65},"end":{"line":325,"column":120}},"line":325}},"branchMap":{"0":{"loc":{"start":{"line":25,"column":25},"end":{"line":25,"column":39}},"type":"cond-expr","locations":[{"start":{"line":25,"column":32},"end":{"line":25,"column":35}},{"start":{"line":25,"column":38},"end":{"line":25,"column":39}}],"line":25},"1":{"loc":{"start":{"line":54,"column":20},"end":{"line":54,"column":31}},"type":"binary-expr","locations":[{"start":{"line":54,"column":20},"end":{"line":54,"column":25}},{"start":{"line":54,"column":29},"end":{"line":54,"column":31}}],"line":54},"2":{"loc":{"start":{"line":71,"column":6},"end":{"line":71,"column":51}},"type":"cond-expr","locations":[{"start":{"line":71,"column":21},"end":{"line":71,"column":36}},{"start":{"line":71,"column":39},"end":{"line":71,"column":51}}],"line":71},"3":{"loc":{"start":{"line":78,"column":6},"end":{"line":80,"column":16}},"type":"cond-expr","locations":[{"start":{"line":79,"column":10},"end":{"line":79,"column":18}},{"start":{"line":80,"column":10},"end":{"line":80,"column":16}}],"line":78},"4":{"loc":{"start":{"line":78,"column":6},"end":{"line":78,"column":69}},"type":"binary-expr","locations":[{"start":{"line":78,"column":6},"end":{"line":78,"column":17}},{"start":{"line":78,"column":21},"end":{"line":78,"column":34}},{"start":{"line":78,"column":38},"end":{"line":78,"column":48}},{"start":{"line":78,"column":52},"end":{"line":78,"column":69}}],"line":78},"5":{"loc":{"start":{"line":102,"column":4},"end":{"line":106,"column":5}},"type":"if","locations":[{"start":{"line":102,"column":4},"end":{"line":106,"column":5}},{"start":{"line":104,"column":11},"end":{"line":106,"column":5}}],"line":102},"6":{"loc":{"start":{"line":102,"column":8},"end":{"line":102,"column":49}},"type":"binary-expr","locations":[{"start":{"line":102,"column":8},"end":{"line":102,"column":30}},{"start":{"line":102,"column":34},"end":{"line":102,"column":49}}],"line":102},"7":{"loc":{"start":{"line":129,"column":2},"end":{"line":135,"column":3}},"type":"if","locations":[{"start":{"line":129,"column":2},"end":{"line":135,"column":3}},{"start":{},"end":{}}],"line":129},"8":{"loc":{"start":{"line":132,"column":49},"end":{"line":132,"column":109}},"type":"cond-expr","locations":[{"start":{"line":132,"column":77},"end":{"line":132,"column":82}},{"start":{"line":132,"column":85},"end":{"line":132,"column":109}}],"line":132},"9":{"loc":{"start":{"line":195,"column":13},"end":{"line":256,"column":13}},"type":"cond-expr","locations":[{"start":{"line":196,"column":14},"end":{"line":198,"column":20}},{"start":{"line":199,"column":16},"end":{"line":256,"column":13}}],"line":195},"10":{"loc":{"start":{"line":199,"column":16},"end":{"line":256,"column":13}},"type":"cond-expr","locations":[{"start":{"line":200,"column":14},"end":{"line":200,"column":144}},{"start":{"line":202,"column":14},"end":{"line":255,"column":26}}],"line":199},"11":{"loc":{"start":{"line":204,"column":29},"end":{"line":204,"column":56}},"type":"binary-expr","locations":[{"start":{"line":204,"column":29},"end":{"line":204,"column":40}},{"start":{"line":204,"column":44},"end":{"line":204,"column":51}},{"start":{"line":204,"column":55},"end":{"line":204,"column":56}}],"line":204},"12":{"loc":{"start":{"line":218,"column":143},"end":{"line":218,"column":217}},"type":"cond-expr","locations":[{"start":{"line":218,"column":161},"end":{"line":218,"column":189}},{"start":{"line":218,"column":192},"end":{"line":218,"column":217}}],"line":218},"13":{"loc":{"start":{"line":219,"column":33},"end":{"line":219,"column":72}},"type":"cond-expr","locations":[{"start":{"line":219,"column":51},"end":{"line":219,"column":59}},{"start":{"line":219,"column":62},"end":{"line":219,"column":72}}],"line":219},"14":{"loc":{"start":{"line":222,"column":112},"end":{"line":222,"column":142}},"type":"binary-expr","locations":[{"start":{"line":222,"column":112},"end":{"line":222,"column":127}},{"start":{"line":222,"column":131},"end":{"line":222,"column":142}}],"line":222},"15":{"loc":{"start":{"line":223,"column":31},"end":{"line":223,"column":68}},"type":"binary-expr","locations":[{"start":{"line":223,"column":31},"end":{"line":223,"column":46}},{"start":{"line":223,"column":50},"end":{"line":223,"column":61}},{"start":{"line":223,"column":65},"end":{"line":223,"column":68}}],"line":223},"16":{"loc":{"start":{"line":231,"column":25},"end":{"line":250,"column":25}},"type":"binary-expr","locations":[{"start":{"line":231,"column":25},"end":{"line":231,"column":35}},{"start":{"line":232,"column":26},"end":{"line":249,"column":39}}],"line":231},"17":{"loc":{"start":{"line":241,"column":92},"end":{"line":241,"column":129}},"type":"binary-expr","locations":[{"start":{"line":241,"column":92},"end":{"line":241,"column":108}},{"start":{"line":241,"column":112},"end":{"line":241,"column":129}}],"line":241},"18":{"loc":{"start":{"line":245,"column":53},"end":{"line":245,"column":108}},"type":"binary-expr","locations":[{"start":{"line":245,"column":53},"end":{"line":245,"column":60}},{"start":{"line":245,"column":64},"end":{"line":245,"column":108}}],"line":245},"19":{"loc":{"start":{"line":245,"column":65},"end":{"line":245,"column":87}},"type":"binary-expr","locations":[{"start":{"line":245,"column":65},"end":{"line":245,"column":76}},{"start":{"line":245,"column":80},"end":{"line":245,"column":87}}],"line":245},"20":{"loc":{"start":{"line":246,"column":57},"end":{"line":246,"column":114}},"type":"binary-expr","locations":[{"start":{"line":246,"column":57},"end":{"line":246,"column":66}},{"start":{"line":246,"column":70},"end":{"line":246,"column":114}}],"line":246},"21":{"loc":{"start":{"line":246,"column":71},"end":{"line":246,"column":93}},"type":"binary-expr","locations":[{"start":{"line":246,"column":71},"end":{"line":246,"column":82}},{"start":{"line":246,"column":86},"end":{"line":246,"column":93}}],"line":246},"22":{"loc":{"start":{"line":272,"column":35},"end":{"line":272,"column":65}},"type":"cond-expr","locations":[{"start":{"line":272,"column":45},"end":{"line":272,"column":54}},{"start":{"line":272,"column":57},"end":{"line":272,"column":65}}],"line":272},"23":{"loc":{"start":{"line":273,"column":19},"end":{"line":306,"column":19}},"type":"cond-expr","locations":[{"start":{"line":274,"column":20},"end":{"line":276,"column":25}},{"start":{"line":277,"column":22},"end":{"line":306,"column":19}}],"line":273},"24":{"loc":{"start":{"line":277,"column":22},"end":{"line":306,"column":19}},"type":"cond-expr","locations":[{"start":{"line":278,"column":20},"end":{"line":280,"column":25}},{"start":{"line":282,"column":20},"end":{"line":305,"column":22}}],"line":277},"25":{"loc":{"start":{"line":283,"column":38},"end":{"line":283,"column":65}},"type":"binary-expr","locations":[{"start":{"line":283,"column":38},"end":{"line":283,"column":49}},{"start":{"line":283,"column":53},"end":{"line":283,"column":60}},{"start":{"line":283,"column":64},"end":{"line":283,"column":65}}],"line":283},"26":{"loc":{"start":{"line":284,"column":93},"end":{"line":284,"column":130}},"type":"binary-expr","locations":[{"start":{"line":284,"column":93},"end":{"line":284,"column":108}},{"start":{"line":284,"column":112},"end":{"line":284,"column":123}},{"start":{"line":284,"column":127},"end":{"line":284,"column":130}}],"line":284},"27":{"loc":{"start":{"line":285,"column":81},"end":{"line":285,"column":142}},"type":"binary-expr","locations":[{"start":{"line":285,"column":81},"end":{"line":285,"column":97}},{"start":{"line":285,"column":101},"end":{"line":285,"column":121}},{"start":{"line":285,"column":125},"end":{"line":285,"column":142}}],"line":285},"28":{"loc":{"start":{"line":287,"column":27},"end":{"line":291,"column":27}},"type":"cond-expr","locations":[{"start":{"line":288,"column":28},"end":{"line":288,"column":131}},{"start":{"line":290,"column":28},"end":{"line":290,"column":129}}],"line":287},"29":{"loc":{"start":{"line":296,"column":29},"end":{"line":298,"column":29}},"type":"binary-expr","locations":[{"start":{"line":296,"column":29},"end":{"line":296,"column":36}},{"start":{"line":296,"column":40},"end":{"line":296,"column":84}},{"start":{"line":297,"column":30},"end":{"line":297,"column":186}}],"line":296},"30":{"loc":{"start":{"line":296,"column":41},"end":{"line":296,"column":63}},"type":"binary-expr","locations":[{"start":{"line":296,"column":41},"end":{"line":296,"column":52}},{"start":{"line":296,"column":56},"end":{"line":296,"column":63}}],"line":296},"31":{"loc":{"start":{"line":299,"column":29},"end":{"line":301,"column":29}},"type":"binary-expr","locations":[{"start":{"line":299,"column":29},"end":{"line":299,"column":38}},{"start":{"line":299,"column":42},"end":{"line":299,"column":86}},{"start":{"line":300,"column":30},"end":{"line":300,"column":193}}],"line":299},"32":{"loc":{"start":{"line":299,"column":43},"end":{"line":299,"column":65}},"type":"binary-expr","locations":[{"start":{"line":299,"column":43},"end":{"line":299,"column":54}},{"start":{"line":299,"column":58},"end":{"line":299,"column":65}}],"line":299}},"s":{"0":1,"1":1,"2":0,"3":1,"4":1,"5":1,"6":1,"7":1,"8":1,"9":1,"10":1,"11":1,"12":1,"13":1,"14":1,"15":1,"16":1,"17":1,"18":1,"19":1,"20":1,"21":0,"22":0,"23":0,"24":0,"25":1,"26":1,"27":1,"28":1,"29":1,"30":0,"31":0,"32":0,"33":1,"34":0,"35":0,"36":0,"37":1,"38":0,"39":0,"40":0,"41":0,"42":0,"43":0,"44":1,"45":0,"46":0,"47":1,"48":0,"49":0,"50":1,"51":0,"52":0,"53":1,"54":0,"55":1,"56":1,"57":1,"58":0,"59":1,"60":0,"61":0,"62":0,"63":0,"64":0,"65":0,"66":0,"67":0,"68":0,"69":0,"70":0,"71":0,"72":0,"73":0,"74":0,"75":0,"76":0,"77":0,"78":0,"79":0,"80":0,"81":0},"f":{"0":0,"1":1,"2":0,"3":0,"4":1,"5":1,"6":0,"7":0,"8":0,"9":0,"10":0,"11":0,"12":0,"13":0,"14":0,"15":0,"16":0,"17":0,"18":0,"19":0,"20":0,"21":0,"22":0,"23":0,"24":0,"25":0,"26":0,"27":0,"28":0},"b":{"0":[0,0],"1":[1,0],"2":[0,0],"3":[0,1],"4":[1,1,1,1],"5":[0,0],"6":[0,0],"7":[0,1],"8":[0,0],"9":[0,1],"10":[1,0],"11":[0,0,0],"12":[0,0],"13":[0,0],"14":[0,0],"15":[0,0,0],"16":[0,0],"17":[0,0],"18":[0,0],"19":[0,0],"20":[0,0],"21":[0,0],"22":[0,1],"23":[0,1],"24":[1,0],"25":[0,0,0],"26":[0,0,0],"27":[0,0,0],"28":[0,0],"29":[0,0,0],"30":[0,0],"31":[0,0,0],"32":[0,0]},"_coverageSchema":"1a1c01bbd47fc00a2c39e90264f33305004495a9","hash":"e448b7483daf70cf9108c943633a52a9c0789926"}
,"/Proyectos/kajamart/frontend/src/features/roles/registerRoles.jsx": {"path":"/Proyectos/kajamart/frontend/src/features/roles/registerRoles.jsx","statementMap":{"0":{"start":{"line":8,"column":34},"end":{"line":8,"column":49}},"1":{"start":{"line":10,"column":26},"end":{"line":15,"column":4}},"2":{"start":{"line":18,"column":40},"end":{"line":21,"column":4}},"3":{"start":{"line":24,"column":28},"end":{"line":38,"column":3}},"4":{"start":{"line":25,"column":4},"end":{"line":27,"column":5}},"5":{"start":{"line":26,"column":6},"end":{"line":26,"column":73}},"6":{"start":{"line":28,"column":4},"end":{"line":30,"column":5}},"7":{"start":{"line":29,"column":6},"end":{"line":29,"column":85}},"8":{"start":{"line":31,"column":4},"end":{"line":33,"column":5}},"9":{"start":{"line":32,"column":6},"end":{"line":32,"column":82}},"10":{"start":{"line":34,"column":4},"end":{"line":36,"column":5}},"11":{"start":{"line":35,"column":6},"end":{"line":35,"column":101}},"12":{"start":{"line":37,"column":4},"end":{"line":37,"column":42}},"13":{"start":{"line":40,"column":30},"end":{"line":51,"column":3}},"14":{"start":{"line":41,"column":4},"end":{"line":43,"column":5}},"15":{"start":{"line":42,"column":6},"end":{"line":42,"column":70}},"16":{"start":{"line":44,"column":4},"end":{"line":46,"column":5}},"17":{"start":{"line":45,"column":6},"end":{"line":45,"column":91}},"18":{"start":{"line":47,"column":4},"end":{"line":49,"column":5}},"19":{"start":{"line":48,"column":6},"end":{"line":48,"column":88}},"20":{"start":{"line":50,"column":4},"end":{"line":50,"column":42}},"21":{"start":{"line":54,"column":2},"end":{"line":82,"column":26}},"22":{"start":{"line":55,"column":4},"end":{"line":81,"column":5}},"23":{"start":{"line":56,"column":6},"end":{"line":56,"column":84}},"24":{"start":{"line":58,"column":22},"end":{"line":58,"column":24}},"25":{"start":{"line":59,"column":6},"end":{"line":77,"column":9}},"26":{"start":{"line":61,"column":37},"end":{"line":71,"column":10}},"27":{"start":{"line":62,"column":10},"end":{"line":65,"column":11}},"28":{"start":{"line":63,"column":12},"end":{"line":63,"column":78}},"29":{"start":{"line":64,"column":12},"end":{"line":64,"column":64}},"30":{"start":{"line":67,"column":10},"end":{"line":70,"column":12}},"31":{"start":{"line":73,"column":8},"end":{"line":76,"column":11}},"32":{"start":{"line":74,"column":22},"end":{"line":74,"column":49}},"33":{"start":{"line":75,"column":10},"end":{"line":75,"column":31}},"34":{"start":{"line":79,"column":6},"end":{"line":79,"column":83}},"35":{"start":{"line":80,"column":6},"end":{"line":80,"column":58}},"36":{"start":{"line":80,"column":25},"end":{"line":80,"column":55}},"37":{"start":{"line":85,"column":23},"end":{"line":97,"column":3}},"38":{"start":{"line":86,"column":28},"end":{"line":86,"column":36}},"39":{"start":{"line":87,"column":4},"end":{"line":87,"column":52}},"40":{"start":{"line":87,"column":23},"end":{"line":87,"column":49}},"41":{"start":{"line":90,"column":4},"end":{"line":96,"column":5}},"42":{"start":{"line":91,"column":25},"end":{"line":91,"column":49}},"43":{"start":{"line":92,"column":6},"end":{"line":92,"column":69}},"44":{"start":{"line":92,"column":32},"end":{"line":92,"column":66}},"45":{"start":{"line":93,"column":11},"end":{"line":96,"column":5}},"46":{"start":{"line":94,"column":25},"end":{"line":94,"column":51}},"47":{"start":{"line":95,"column":6},"end":{"line":95,"column":71}},"48":{"start":{"line":95,"column":32},"end":{"line":95,"column":68}},"49":{"start":{"line":99,"column":30},"end":{"line":140,"column":3}},"50":{"start":{"line":100,"column":32},"end":{"line":100,"column":46}},"51":{"start":{"line":101,"column":25},"end":{"line":101,"column":48}},"52":{"start":{"line":104,"column":27},"end":{"line":104,"column":58}},"53":{"start":{"line":105,"column":26},"end":{"line":105,"column":126}},"54":{"start":{"line":105,"column":53},"end":{"line":105,"column":125}},"55":{"start":{"line":106,"column":26},"end":{"line":106,"column":76}},"56":{"start":{"line":109,"column":19},"end":{"line":114,"column":6}},"57":{"start":{"line":110,"column":25},"end":{"line":110,"column":37}},"58":{"start":{"line":111,"column":6},"end":{"line":111,"column":39}},"59":{"start":{"line":111,"column":26},"end":{"line":111,"column":39}},"60":{"start":{"line":112,"column":16},"end":{"line":112,"column":133}},"61":{"start":{"line":112,"column":46},"end":{"line":112,"column":132}},"62":{"start":{"line":113,"column":6},"end":{"line":113,"column":115}},"63":{"start":{"line":116,"column":4},"end":{"line":139,"column":7}},"64":{"start":{"line":117,"column":26},"end":{"line":117,"column":46}},"65":{"start":{"line":118,"column":26},"end":{"line":118,"column":43}},"66":{"start":{"line":121,"column":6},"end":{"line":121,"column":37}},"67":{"start":{"line":124,"column":6},"end":{"line":126,"column":7}},"68":{"start":{"line":125,"column":8},"end":{"line":125,"column":35}},"69":{"start":{"line":129,"column":6},"end":{"line":136,"column":7}},"70":{"start":{"line":130,"column":8},"end":{"line":135,"column":11}},"71":{"start":{"line":131,"column":24},"end":{"line":131,"column":36}},"72":{"start":{"line":132,"column":10},"end":{"line":134,"column":11}},"73":{"start":{"line":133,"column":12},"end":{"line":133,"column":35}},"74":{"start":{"line":138,"column":6},"end":{"line":138,"column":48}},"75":{"start":{"line":142,"column":26},"end":{"line":149,"column":3}},"76":{"start":{"line":143,"column":24},"end":{"line":143,"column":68}},"77":{"start":{"line":143,"column":66},"end":{"line":143,"column":67}},"78":{"start":{"line":144,"column":24},"end":{"line":144,"column":26}},"79":{"start":{"line":145,"column":4},"end":{"line":147,"column":7}},"80":{"start":{"line":146,"column":6},"end":{"line":146,"column":38}},"81":{"start":{"line":148,"column":4},"end":{"line":148,"column":60}},"82":{"start":{"line":148,"column":23},"end":{"line":148,"column":57}},"83":{"start":{"line":151,"column":29},"end":{"line":159,"column":3}},"84":{"start":{"line":152,"column":24},"end":{"line":152,"column":101}},"85":{"start":{"line":152,"column":49},"end":{"line":152,"column":100}},"86":{"start":{"line":153,"column":24},"end":{"line":153,"column":26}},"87":{"start":{"line":154,"column":4},"end":{"line":157,"column":7}},"88":{"start":{"line":155,"column":18},"end":{"line":155,"column":54}},"89":{"start":{"line":156,"column":6},"end":{"line":156,"column":38}},"90":{"start":{"line":158,"column":4},"end":{"line":158,"column":85}},"91":{"start":{"line":158,"column":23},"end":{"line":158,"column":82}},"92":{"start":{"line":161,"column":29},"end":{"line":167,"column":3}},"93":{"start":{"line":162,"column":24},"end":{"line":162,"column":36}},"94":{"start":{"line":163,"column":20},"end":{"line":163,"column":114}},"95":{"start":{"line":164,"column":4},"end":{"line":166,"column":7}},"96":{"start":{"line":165,"column":6},"end":{"line":165,"column":75}},"97":{"start":{"line":165,"column":21},"end":{"line":165,"column":75}},"98":{"start":{"line":165,"column":40},"end":{"line":165,"column":72}},"99":{"start":{"line":170,"column":23},"end":{"line":229,"column":3}},"100":{"start":{"line":171,"column":4},"end":{"line":171,"column":23}},"101":{"start":{"line":174,"column":29},"end":{"line":174,"column":62}},"102":{"start":{"line":175,"column":34},"end":{"line":175,"column":71}},"103":{"start":{"line":177,"column":4},"end":{"line":180,"column":7}},"104":{"start":{"line":182,"column":4},"end":{"line":184,"column":5}},"105":{"start":{"line":183,"column":6},"end":{"line":183,"column":13}},"106":{"start":{"line":186,"column":34},"end":{"line":189,"column":33}},"107":{"start":{"line":187,"column":32},"end":{"line":187,"column":39}},"108":{"start":{"line":188,"column":22},"end":{"line":188,"column":53}},"109":{"start":{"line":189,"column":22},"end":{"line":189,"column":32}},"110":{"start":{"line":191,"column":4},"end":{"line":191,"column":68}},"111":{"start":{"line":193,"column":21},"end":{"line":198,"column":5}},"112":{"start":{"line":200,"column":4},"end":{"line":200,"column":66}},"113":{"start":{"line":202,"column":19},"end":{"line":202,"column":45}},"114":{"start":{"line":203,"column":4},"end":{"line":228,"column":5}},"115":{"start":{"line":204,"column":6},"end":{"line":204,"column":53}},"116":{"start":{"line":207,"column":24},"end":{"line":214,"column":7}},"117":{"start":{"line":215,"column":6},"end":{"line":215,"column":31}},"118":{"start":{"line":218,"column":6},"end":{"line":223,"column":9}},"119":{"start":{"line":224,"column":6},"end":{"line":227,"column":9}},"120":{"start":{"line":232,"column":26},"end":{"line":236,"column":3}},"121":{"start":{"line":238,"column":24},"end":{"line":242,"column":3}},"122":{"start":{"line":244,"column":2},"end":{"line":454,"column":4}},"123":{"start":{"line":268,"column":30},"end":{"line":268,"column":49}},"124":{"start":{"line":379,"column":123},"end":{"line":379,"column":124}},"125":{"start":{"line":395,"column":26},"end":{"line":424,"column":31}},"126":{"start":{"line":400,"column":50},"end":{"line":400,"column":122}},"127":{"start":{"line":401,"column":46},"end":{"line":401,"column":79}},"128":{"start":{"line":402,"column":34},"end":{"line":411,"column":36}},"129":{"start":{"line":407,"column":56},"end":{"line":407,"column":80}},"130":{"start":{"line":418,"column":48},"end":{"line":418,"column":84}},"131":{"start":{"line":420,"column":48},"end":{"line":420,"column":103}}},"fnMap":{"0":{"name":"RegisterRoles","decl":{"start":{"line":7,"column":24},"end":{"line":7,"column":37}},"loc":{"start":{"line":7,"column":93},"end":{"line":455,"column":1}},"line":7},"1":{"name":"(anonymous_1)","decl":{"start":{"line":24,"column":28},"end":{"line":24,"column":29}},"loc":{"start":{"line":24,"column":39},"end":{"line":38,"column":3}},"line":24},"2":{"name":"(anonymous_2)","decl":{"start":{"line":40,"column":30},"end":{"line":40,"column":31}},"loc":{"start":{"line":40,"column":41},"end":{"line":51,"column":3}},"line":40},"3":{"name":"(anonymous_3)","decl":{"start":{"line":54,"column":12},"end":{"line":54,"column":13}},"loc":{"start":{"line":54,"column":18},"end":{"line":82,"column":3}},"line":54},"4":{"name":"(anonymous_4)","decl":{"start":{"line":59,"column":48},"end":{"line":59,"column":49}},"loc":{"start":{"line":59,"column":72},"end":{"line":77,"column":7}},"line":59},"5":{"name":"(anonymous_5)","decl":{"start":{"line":61,"column":50},"end":{"line":61,"column":51}},"loc":{"start":{"line":61,"column":64},"end":{"line":71,"column":9}},"line":61},"6":{"name":"(anonymous_6)","decl":{"start":{"line":73,"column":37},"end":{"line":73,"column":38}},"loc":{"start":{"line":73,"column":44},"end":{"line":76,"column":9}},"line":73},"7":{"name":"(anonymous_7)","decl":{"start":{"line":80,"column":14},"end":{"line":80,"column":15}},"loc":{"start":{"line":80,"column":25},"end":{"line":80,"column":55}},"line":80},"8":{"name":"(anonymous_8)","decl":{"start":{"line":85,"column":23},"end":{"line":85,"column":24}},"loc":{"start":{"line":85,"column":30},"end":{"line":97,"column":3}},"line":85},"9":{"name":"(anonymous_9)","decl":{"start":{"line":87,"column":12},"end":{"line":87,"column":13}},"loc":{"start":{"line":87,"column":23},"end":{"line":87,"column":49}},"line":87},"10":{"name":"(anonymous_10)","decl":{"start":{"line":92,"column":21},"end":{"line":92,"column":22}},"loc":{"start":{"line":92,"column":32},"end":{"line":92,"column":66}},"line":92},"11":{"name":"(anonymous_11)","decl":{"start":{"line":95,"column":21},"end":{"line":95,"column":22}},"loc":{"start":{"line":95,"column":32},"end":{"line":95,"column":68}},"line":95},"12":{"name":"(anonymous_12)","decl":{"start":{"line":99,"column":30},"end":{"line":99,"column":31}},"loc":{"start":{"line":99,"column":39},"end":{"line":140,"column":3}},"line":99},"13":{"name":"(anonymous_13)","decl":{"start":{"line":105,"column":46},"end":{"line":105,"column":47}},"loc":{"start":{"line":105,"column":53},"end":{"line":105,"column":125}},"line":105},"14":{"name":"(anonymous_14)","decl":{"start":{"line":109,"column":51},"end":{"line":109,"column":52}},"loc":{"start":{"line":109,"column":58},"end":{"line":114,"column":5}},"line":109},"15":{"name":"(anonymous_15)","decl":{"start":{"line":112,"column":36},"end":{"line":112,"column":37}},"loc":{"start":{"line":112,"column":46},"end":{"line":112,"column":132}},"line":112},"16":{"name":"(anonymous_16)","decl":{"start":{"line":116,"column":12},"end":{"line":116,"column":13}},"loc":{"start":{"line":116,"column":22},"end":{"line":139,"column":5}},"line":116},"17":{"name":"(anonymous_17)","decl":{"start":{"line":130,"column":41},"end":{"line":130,"column":42}},"loc":{"start":{"line":130,"column":48},"end":{"line":135,"column":9}},"line":130},"18":{"name":"(anonymous_18)","decl":{"start":{"line":142,"column":26},"end":{"line":142,"column":27}},"loc":{"start":{"line":142,"column":32},"end":{"line":149,"column":3}},"line":142},"19":{"name":"(anonymous_19)","decl":{"start":{"line":143,"column":59},"end":{"line":143,"column":60}},"loc":{"start":{"line":143,"column":66},"end":{"line":143,"column":67}},"line":143},"20":{"name":"(anonymous_20)","decl":{"start":{"line":145,"column":39},"end":{"line":145,"column":40}},"loc":{"start":{"line":145,"column":48},"end":{"line":147,"column":5}},"line":145},"21":{"name":"(anonymous_21)","decl":{"start":{"line":148,"column":12},"end":{"line":148,"column":13}},"loc":{"start":{"line":148,"column":23},"end":{"line":148,"column":57}},"line":148},"22":{"name":"(anonymous_22)","decl":{"start":{"line":151,"column":29},"end":{"line":151,"column":30}},"loc":{"start":{"line":151,"column":51},"end":{"line":159,"column":3}},"line":151},"23":{"name":"(anonymous_23)","decl":{"start":{"line":152,"column":39},"end":{"line":152,"column":40}},"loc":{"start":{"line":152,"column":49},"end":{"line":152,"column":100}},"line":152},"24":{"name":"(anonymous_24)","decl":{"start":{"line":154,"column":21},"end":{"line":154,"column":22}},"loc":{"start":{"line":154,"column":31},"end":{"line":157,"column":5}},"line":154},"25":{"name":"(anonymous_25)","decl":{"start":{"line":158,"column":12},"end":{"line":158,"column":13}},"loc":{"start":{"line":158,"column":23},"end":{"line":158,"column":82}},"line":158},"26":{"name":"(anonymous_26)","decl":{"start":{"line":161,"column":29},"end":{"line":161,"column":30}},"loc":{"start":{"line":161,"column":35},"end":{"line":167,"column":3}},"line":161},"27":{"name":"(anonymous_27)","decl":{"start":{"line":164,"column":35},"end":{"line":164,"column":36}},"loc":{"start":{"line":164,"column":50},"end":{"line":166,"column":5}},"line":164},"28":{"name":"(anonymous_28)","decl":{"start":{"line":165,"column":29},"end":{"line":165,"column":30}},"loc":{"start":{"line":165,"column":40},"end":{"line":165,"column":72}},"line":165},"29":{"name":"(anonymous_29)","decl":{"start":{"line":170,"column":23},"end":{"line":170,"column":24}},"loc":{"start":{"line":170,"column":36},"end":{"line":229,"column":3}},"line":170},"30":{"name":"(anonymous_30)","decl":{"start":{"line":187,"column":14},"end":{"line":187,"column":15}},"loc":{"start":{"line":187,"column":32},"end":{"line":187,"column":39}},"line":187},"31":{"name":"(anonymous_31)","decl":{"start":{"line":188,"column":11},"end":{"line":188,"column":12}},"loc":{"start":{"line":188,"column":22},"end":{"line":188,"column":53}},"line":188},"32":{"name":"(anonymous_32)","decl":{"start":{"line":189,"column":14},"end":{"line":189,"column":15}},"loc":{"start":{"line":189,"column":22},"end":{"line":189,"column":32}},"line":189},"33":{"name":"(anonymous_33)","decl":{"start":{"line":268,"column":23},"end":{"line":268,"column":24}},"loc":{"start":{"line":268,"column":30},"end":{"line":268,"column":49}},"line":268},"34":{"name":"(anonymous_34)","decl":{"start":{"line":379,"column":116},"end":{"line":379,"column":117}},"loc":{"start":{"line":379,"column":123},"end":{"line":379,"column":124}},"line":379},"35":{"name":"(anonymous_35)","decl":{"start":{"line":394,"column":63},"end":{"line":394,"column":64}},"loc":{"start":{"line":395,"column":26},"end":{"line":424,"column":31}},"line":395},"36":{"name":"(anonymous_36)","decl":{"start":{"line":399,"column":46},"end":{"line":399,"column":47}},"loc":{"start":{"line":399,"column":60},"end":{"line":412,"column":33}},"line":399},"37":{"name":"(anonymous_37)","decl":{"start":{"line":407,"column":50},"end":{"line":407,"column":51}},"loc":{"start":{"line":407,"column":56},"end":{"line":407,"column":80}},"line":407},"38":{"name":"(anonymous_38)","decl":{"start":{"line":418,"column":42},"end":{"line":418,"column":43}},"loc":{"start":{"line":418,"column":48},"end":{"line":418,"column":84}},"line":418},"39":{"name":"(anonymous_39)","decl":{"start":{"line":420,"column":34},"end":{"line":420,"column":35}},"loc":{"start":{"line":420,"column":48},"end":{"line":420,"column":103}},"line":420}},"branchMap":{"0":{"loc":{"start":{"line":25,"column":4},"end":{"line":27,"column":5}},"type":"if","locations":[{"start":{"line":25,"column":4},"end":{"line":27,"column":5}},{"start":{},"end":{}}],"line":25},"1":{"loc":{"start":{"line":25,"column":8},"end":{"line":25,"column":43}},"type":"binary-expr","locations":[{"start":{"line":25,"column":8},"end":{"line":25,"column":14}},{"start":{"line":25,"column":18},"end":{"line":25,"column":43}}],"line":25},"2":{"loc":{"start":{"line":28,"column":4},"end":{"line":30,"column":5}},"type":"if","locations":[{"start":{"line":28,"column":4},"end":{"line":30,"column":5}},{"start":{},"end":{}}],"line":28},"3":{"loc":{"start":{"line":31,"column":4},"end":{"line":33,"column":5}},"type":"if","locations":[{"start":{"line":31,"column":4},"end":{"line":33,"column":5}},{"start":{},"end":{}}],"line":31},"4":{"loc":{"start":{"line":34,"column":4},"end":{"line":36,"column":5}},"type":"if","locations":[{"start":{"line":34,"column":4},"end":{"line":36,"column":5}},{"start":{},"end":{}}],"line":34},"5":{"loc":{"start":{"line":41,"column":4},"end":{"line":43,"column":5}},"type":"if","locations":[{"start":{"line":41,"column":4},"end":{"line":43,"column":5}},{"start":{},"end":{}}],"line":41},"6":{"loc":{"start":{"line":41,"column":8},"end":{"line":41,"column":43}},"type":"binary-expr","locations":[{"start":{"line":41,"column":8},"end":{"line":41,"column":14}},{"start":{"line":41,"column":18},"end":{"line":41,"column":43}}],"line":41},"7":{"loc":{"start":{"line":44,"column":4},"end":{"line":46,"column":5}},"type":"if","locations":[{"start":{"line":44,"column":4},"end":{"line":46,"column":5}},{"start":{},"end":{}}],"line":44},"8":{"loc":{"start":{"line":47,"column":4},"end":{"line":49,"column":5}},"type":"if","locations":[{"start":{"line":47,"column":4},"end":{"line":49,"column":5}},{"start":{},"end":{}}],"line":47},"9":{"loc":{"start":{"line":55,"column":4},"end":{"line":81,"column":5}},"type":"if","locations":[{"start":{"line":55,"column":4},"end":{"line":81,"column":5}},{"start":{},"end":{}}],"line":55},"10":{"loc":{"start":{"line":55,"column":8},"end":{"line":55,"column":70}},"type":"binary-expr","locations":[{"start":{"line":55,"column":8},"end":{"line":55,"column":25}},{"start":{"line":55,"column":29},"end":{"line":55,"column":70}}],"line":55},"11":{"loc":{"start":{"line":62,"column":10},"end":{"line":65,"column":11}},"type":"if","locations":[{"start":{"line":62,"column":10},"end":{"line":65,"column":11}},{"start":{},"end":{}}],"line":62},"12":{"loc":{"start":{"line":68,"column":24},"end":{"line":68,"column":57}},"type":"binary-expr","locations":[{"start":{"line":68,"column":24},"end":{"line":68,"column":36}},{"start":{"line":68,"column":40},"end":{"line":68,"column":44}},{"start":{"line":68,"column":48},"end":{"line":68,"column":57}}],"line":68},"13":{"loc":{"start":{"line":69,"column":28},"end":{"line":69,"column":80}},"type":"binary-expr","locations":[{"start":{"line":69,"column":28},"end":{"line":69,"column":44}},{"start":{"line":69,"column":48},"end":{"line":69,"column":56}},{"start":{"line":69,"column":60},"end":{"line":69,"column":80}}],"line":69},"14":{"loc":{"start":{"line":90,"column":4},"end":{"line":96,"column":5}},"type":"if","locations":[{"start":{"line":90,"column":4},"end":{"line":96,"column":5}},{"start":{"line":93,"column":11},"end":{"line":96,"column":5}}],"line":90},"15":{"loc":{"start":{"line":93,"column":11},"end":{"line":96,"column":5}},"type":"if","locations":[{"start":{"line":93,"column":11},"end":{"line":96,"column":5}},{"start":{},"end":{}}],"line":93},"16":{"loc":{"start":{"line":104,"column":27},"end":{"line":104,"column":58}},"type":"binary-expr","locations":[{"start":{"line":104,"column":27},"end":{"line":104,"column":52}},{"start":{"line":104,"column":56},"end":{"line":104,"column":58}}],"line":104},"17":{"loc":{"start":{"line":105,"column":54},"end":{"line":105,"column":107}},"type":"binary-expr","locations":[{"start":{"line":105,"column":54},"end":{"line":105,"column":66}},{"start":{"line":105,"column":70},"end":{"line":105,"column":74}},{"start":{"line":105,"column":78},"end":{"line":105,"column":107}}],"line":105},"18":{"loc":{"start":{"line":106,"column":26},"end":{"line":106,"column":76}},"type":"binary-expr","locations":[{"start":{"line":106,"column":26},"end":{"line":106,"column":70}},{"start":{"line":106,"column":74},"end":{"line":106,"column":76}}],"line":106},"19":{"loc":{"start":{"line":111,"column":6},"end":{"line":111,"column":39}},"type":"if","locations":[{"start":{"line":111,"column":6},"end":{"line":111,"column":39}},{"start":{},"end":{}}],"line":111},"20":{"loc":{"start":{"line":112,"column":47},"end":{"line":112,"column":109}},"type":"binary-expr","locations":[{"start":{"line":112,"column":47},"end":{"line":112,"column":62}},{"start":{"line":112,"column":66},"end":{"line":112,"column":73}},{"start":{"line":112,"column":77},"end":{"line":112,"column":109}}],"line":112},"21":{"loc":{"start":{"line":113,"column":13},"end":{"line":113,"column":114}},"type":"binary-expr","locations":[{"start":{"lin
[...]
olumn":3}},"line":10},"2":{"name":"(anonymous_2)","decl":{"start":{"line":11,"column":24},"end":{"line":11,"column":25}},"loc":{"start":{"line":11,"column":31},"end":{"line":15,"column":5}},"line":11},"3":{"name":"(anonymous_3)","decl":{"start":{"line":14,"column":17},"end":{"line":14,"column":18}},"loc":{"start":{"line":14,"column":23},"end":{"line":14,"column":59}},"line":14},"4":{"name":"(anonymous_4)","decl":{"start":{"line":26,"column":26},"end":{"line":26,"column":27}},"loc":{"start":{"line":27,"column":2},"end":{"line":29,"column":11}},"line":27},"5":{"name":"(anonymous_5)","decl":{"start":{"line":32,"column":33},"end":{"line":32,"column":34}},"loc":{"start":{"line":33,"column":2},"end":{"line":35,"column":11}},"line":33},"6":{"name":"(anonymous_6)","decl":{"start":{"line":38,"column":26},"end":{"line":38,"column":27}},"loc":{"start":{"line":39,"column":3},"end":{"line":41,"column":12}},"line":39},"7":{"name":"(anonymous_7)","decl":{"start":{"line":45,"column":28},"end":{"line":45,"column":29}},"loc":{"start":{"line":46,"column":3},"end":{"line":49,"column":12}},"line":46},"8":{"name":"(anonymous_8)","decl":{"start":{"line":55,"column":28},"end":{"line":55,"column":29}},"loc":{"start":{"line":56,"column":2},"end":{"line":58,"column":11}},"line":56},"9":{"name":"(anonymous_9)","decl":{"start":{"line":61,"column":26},"end":{"line":61,"column":27}},"loc":{"start":{"line":62,"column":2},"end":{"line":64,"column":11}},"line":62},"10":{"name":"(anonymous_10)","decl":{"start":{"line":67,"column":32},"end":{"line":67,"column":33}},"loc":{"start":{"line":68,"column":2},"end":{"line":70,"column":11}},"line":68},"11":{"name":"(anonymous_11)","decl":{"start":{"line":73,"column":30},"end":{"line":73,"column":31}},"loc":{"start":{"line":74,"column":2},"end":{"line":76,"column":11}},"line":74},"12":{"name":"(anonymous_12)","decl":{"start":{"line":82,"column":27},"end":{"line":82,"column":28}},"loc":{"start":{"line":83,"column":2},"end":{"line":88,"column":11}},"line":83},"13":{"name":"(anonymous_13)","decl":{"start":{"line":83,"column":41},"end":{"line":83,"column":42}},"loc":{"start":{"line":83,"column":48},"end":{"line":86,"column":3}},"line":83},"14":{"name":"(anonymous_14)","decl":{"start":{"line":85,"column":15},"end":{"line":85,"column":16}},"loc":{"start":{"line":85,"column":21},"end":{"line":85,"column":69}},"line":85},"15":{"name":"(anonymous_15)","decl":{"start":{"line":96,"column":33},"end":{"line":96,"column":34}},"loc":{"start":{"line":97,"column":2},"end":{"line":105,"column":11}},"line":97},"16":{"name":"(anonymous_16)","decl":{"start":{"line":99,"column":13},"end":{"line":99,"column":14}},"loc":{"start":{"line":99,"column":19},"end":{"line":101,"column":5}},"line":99},"17":{"name":"(anonymous_17)","decl":{"start":{"line":108,"column":31},"end":{"line":108,"column":32}},"loc":{"start":{"line":109,"column":2},"end":{"line":117,"column":11}},"line":109},"18":{"name":"(anonymous_18)","decl":{"start":{"line":111,"column":13},"end":{"line":111,"column":14}},"loc":{"start":{"line":111,"column":19},"end":{"line":113,"column":5}},"line":111},"19":{"name":"(anonymous_19)","decl":{"start":{"line":123,"column":29},"end":{"line":123,"column":30}},"loc":{"start":{"line":123,"column":51},"end":{"line":133,"column":1}},"line":123},"20":{"name":"(anonymous_20)","decl":{"start":{"line":140,"column":11},"end":{"line":140,"column":12}},"loc":{"start":{"line":140,"column":17},"end":{"line":140,"column":63}},"line":140},"21":{"name":"(anonymous_21)","decl":{"start":{"line":148,"column":11},"end":{"line":148,"column":12}},"loc":{"start":{"line":148,"column":17},"end":{"line":148,"column":55}},"line":148},"22":{"name":"(anonymous_22)","decl":{"start":{"line":156,"column":11},"end":{"line":156,"column":12}},"loc":{"start":{"line":156,"column":23},"end":{"line":165,"column":3}},"line":156},"23":{"name":"(anonymous_23)","decl":{"start":{"line":173,"column":11},"end":{"line":173,"column":12}},"loc":{"start":{"line":174,"column":4},"end":{"line":174,"column":55}},"line":174},"24":{"name":"(anonymous_24)","decl":{"start":{"line":183,"column":11},"end":{"line":183,"column":12}},"loc":{"start":{"line":183,"column":17},"end":{"line":183,"column":61}},"line":183},"25":{"name":"(anonymous_25)","decl":{"start":{"line":191,"column":11},"end":{"line":191,"column":12}},"loc":{"start":{"line":191,"column":17},"end":{"line":191,"column":50}},"line":191},"26":{"name":"(anonymous_26)","decl":{"start":{"line":199,"column":11},"end":{"line":199,"column":12}},"loc":{"start":{"line":199,"column":23},"end":{"line":204,"column":3}},"line":199}},"branchMap":{"0":{"loc":{"start":{"line":39,"column":3},"end":{"line":41,"column":12}},"type":"binary-expr","locations":[{"start":{"line":39,"column":3},"end":{"line":39,"column":10}},{"start":{"line":39,"column":15},"end":{"line":41,"column":11}}],"line":39},"1":{"loc":{"start":{"line":46,"column":3},"end":{"line":49,"column":12}},"type":"binary-expr","locations":[{"start":{"line":46,"column":3},"end":{"line":46,"column":12}},{"start":{"line":47,"column":4},"end":{"line":49,"column":11}}],"line":46},"2":{"loc":{"start":{"line":55,"column":31},"end":{"line":55,"column":52}},"type":"default-arg","locations":[{"start":{"line":55,"column":42},"end":{"line":55,"column":52}}],"line":55},"3":{"loc":{"start":{"line":61,"column":29},"end":{"line":61,"column":49}},"type":"default-arg","locations":[{"start":{"line":61,"column":40},"end":{"line":61,"column":49}}],"line":61},"4":{"loc":{"start":{"line":67,"column":35},"end":{"line":67,"column":56}},"type":"default-arg","locations":[{"start":{"line":67,"column":46},"end":{"line":67,"column":56}}],"line":67},"5":{"loc":{"start":{"line":73,"column":33},"end":{"line":73,"column":52}},"type":"default-arg","locations":[{"start":{"line":73,"column":44},"end":{"line":73,"column":52}}],"line":73},"6":{"loc":{"start":{"line":96,"column":43},"end":{"line":96,"column":64}},"type":"default-arg","locations":[{"start":{"line":96,"column":54},"end":{"line":96,"column":64}}],"line":96},"7":{"loc":{"start":{"line":100,"column":6},"end":{"line":100,"column":47}},"type":"if","locations":[{"start":{"line":100,"column":6},"end":{"line":100,"column":47}},{"start":{},"end":{}}],"line":100},"8":{"loc":{"start":{"line":108,"column":41},"end":{"line":108,"column":62}},"type":"default-arg","locations":[{"start":{"line":108,"column":52},"end":{"line":108,"column":62}}],"line":108},"9":{"loc":{"start":{"line":112,"column":6},"end":{"line":112,"column":47}},"type":"if","locations":[{"start":{"line":112,"column":6},"end":{"line":112,"column":47}},{"start":{},"end":{}}],"line":112},"10":{"loc":{"start":{"line":124,"column":18},"end":{"line":124,"column":103}},"type":"cond-expr","locations":[{"start":{"line":124,"column":48},"end":{"line":124,"column":53}},{"start":{"line":124,"column":56},"end":{"line":124,"column":103}}],"line":124},"11":{"loc":{"start":{"line":124,"column":56},"end":{"line":124,"column":103}},"type":"cond-expr","locations":[{"start":{"line":124,"column":86},"end":{"line":124,"column":91}},{"start":{"line":124,"column":94},"end":{"line":124,"column":103}}],"line":124},"12":{"loc":{"start":{"line":160,"column":4},"end":{"line":164,"column":5}},"type":"if","locations":[{"start":{"line":160,"column":4},"end":{"line":164,"column":5}},{"start":{"line":162,"column":11},"end":{"line":164,"column":5}}],"line":160},"13":{"loc":{"start":{"line":201,"column":4},"end":{"line":203,"column":5}},"type":"if","locations":[{"start":{"line":201,"column":4},"end":{"line":203,"column":5}},{"start":{},"end":{}}],"line":201}},"s":{"0":1,"1":0,"2":0,"3":0,"4":0,"5":0,"6":0,"7":0,"8":1,"9":0,"10":1,"11":0,"12":1,"13":0,"14":1,"15":0,"16":1,"17":0,"18":1,"19":0,"20":1,"21":0,"22":1,"23":0,"24":1,"25":0,"26":0,"27":0,"28":0,"29":1,"30":0,"31":0,"32":0,"33":1,"34":0,"35":0,"36":0,"37":1,"38":0,"39":0,"40":1,"41":0,"42":0,"43":0,"44":0,"45":0,"46":0,"47":0,"48":0,"49":0,"50":0,"51":0,"52":0},"f":{"0":0,"1":0,"2":0,"3":0,"4":0,"5":0,"6":0,"7":0,"8":0,"9":0,"10":0,"11":0,"12":0,"13":0,"14":0,"15":0,"16":0,"17":0,"18":0,"19":0,"20":0,"21":0,"22":0,"23":0,"24":0,"25":0,"26":0},"b":{"0":[0,0],"1":[0,0],"2":[0],"3":[0],"4":[0],"5":[0],"6":[0],"7":[0,0],"8":[0],"9":[0,0],"10":[0,0],"11":[0,0],"12":[0,0],"13":[0,0]},"_coverageSchema":"1a1c01bbd47fc00a2c39e90264f33305004495a9","hash":"53c861595b70c6ed471a95e1c7c0616400c2c1c3"}
,"/Proyectos/kajamart/frontend/src/shared/components/hooks/roles/useCreateRole.js": {"path":"/Proyectos/kajamart/frontend/src/shared/components/hooks/roles/useCreateRole.js","statementMap":{"0":{"start":{"line":7,"column":16},"end":{"line":7,"column":58}},"1":{"start":{"line":9,"column":29},"end":{"line":52,"column":1}},"2":{"start":{"line":10,"column":34},"end":{"line":10,"column":49}},"3":{"start":{"line":12,"column":23},"end":{"line":49,"column":5}},"4":{"start":{"line":13,"column":8},"end":{"line":13,"column":25}},"5":{"start":{"line":14,"column":8},"end":{"line":48,"column":9}},"6":{"start":{"line":15,"column":29},"end":{"line":15,"column":68}},"7":{"start":{"line":16,"column":12},"end":{"line":16,"column":30}},"8":{"start":{"line":18,"column":12},"end":{"line":18,"column":33}},"9":{"start":{"line":20,"column":12},"end":{"line":20,"column":30}},"10":{"start":{"line":23,"column":12},"end":{"line":43,"column":13}},"11":{"start":{"line":24,"column":35},"end":{"line":24,"column":56}},"12":{"start":{"line":28,"column":37},"end":{"line":28,"column":97}},"13":{"start":{"line":30,"column":16},"end":{"line":39,"column":17}},"14":{"start":{"line":32,"column":20},"end":{"line":32,"column":65}},"15":{"start":{"line":33,"column":23},"end":{"line":39,"column":17}},"16":{"start":{"line":35,"column":20},"end":{"line":35,"column":75}},"17":{"start":{"line":38,"column":20},"end":{"line":38,"column":90}},"18":{"start":{"line":42,"column":16},"end":{"line":42,"column":81}},"19":{"start":{"line":47,"column":12},"end":{"line":47,"column":25}},"20":{"start":{"line":51,"column":4},"end":{"line":51,"column":35}}},"fnMap":{"0":{"name":"(anonymous_0)","decl":{"start":{"line":9,"column":29},"end":{"line":9,"column":30}},"loc":{"start":{"line":9,"column":35},"end":{"line":52,"column":1}},"line":9},"1":{"name":"(anonymous_1)","decl":{"start":{"line":12,"column":23},"end":{"line":12,"column":24}},"loc":{"start":{"line":12,"column":47},"end":{"line":49,"column":5}},"line":12}},"branchMap":{"0":{"loc":{"start":{"line":23,"column":12},"end":{"line":43,"column":13}},"type":"if","locations":[{"start":{"line":23,"column":12},"end":{"line":43,"column":13}},{"start":{"line":40,"column":19},"end":{"line":43,"column":13}}],"line":23},"1":{"loc":{"start":{"line":23,"column":16},"end":{"line":23,"column":59}},"type":"binary-expr","locations":[{"start":{"line":23,"column":16},"end":{"line":23,"column":41}},{"start":{"line":23,"column":45},"end":{"line":23,"column":59}}],"line":23},"2":{"loc":{"start":{"line":28,"column":37},"end":{"line":28,"column":97}},"type":"binary-expr","locations":[{"start":{"line":28,"column":37},"end":{"line":28,"column":62}},{"start":{"line":28,"column":66},"end":{"line":28,"column":97}}],"line":28},"3":{"loc":{"start":{"line":30,"column":16},"end":{"line":39,"column":17}},"type":"if","locations":[{"start":{"line":30,"column":16},"end":{"line":39,"column":17}},{"start":{"line":33,"column":23},"end":{"line":39,"column":17}}],"line":30},"4":{"loc":{"start":{"line":33,"column":23},"end":{"line":39,"column":17}},"type":"if","locations":[{"start":{"line":33,"column":23},"end":{"line":39,"column":17}},{"start":{"line":36,"column":23},"end":{"line":39,"column":17}}],"line":33}},"s":{"0":1,"1":1,"2":2,"3":2,"4":0,"5":0,"6":0,"7":0,"8":0,"9":0,"10":0,"11":0,"12":0,"13":0,"14":0,"15":0,"16":0,"17":0,"18":0,"19":0,"20":2},"f":{"0":2,"1":0},"b":{"0":[0,0],"1":[0,0],"2":[0,0],"3":[0,0],"4":[0,0]},"_coverageSchema":"1a1c01bbd47fc00a2c39e90264f33305004495a9","hash":"48778c72bc5df9adc54546edda899962599a708a"}
,"/Proyectos/kajamart/frontend/src/shared/components/hooks/roles/useDeleteRole.js": {"path":"/Proyectos/kajamart/frontend/src/shared/components/hooks/roles/useDeleteRole.js","statementMap":{"0":{"start":{"line":4,"column":16},"end":{"line":4,"column":58}},"1":{"start":{"line":6,"column":29},"end":{"line":24,"column":1}},"2":{"start":{"line":7,"column":32},"end":{"line":7,"column":47}},"3":{"start":{"line":8,"column":28},"end":{"line":8,"column":42}},"4":{"start":{"line":10,"column":21},"end":{"line":21,"column":3}},"5":{"start":{"line":11,"column":4},"end":{"line":11,"column":21}},"6":{"start":{"line":12,"column":4},"end":{"line":12,"column":19}},"7":{"start":{"line":13,"column":4},"end":{"line":20,"column":5}},"8":{"start":{"line":14,"column":23},"end":{"line":14,"column":61}},"9":{"start":{"line":15,"column":6},"end":{"line":15,"column":18}},"10":{"start":{"line":17,"column":6},"end":{"line":17,"column":72}},"11":{"start":{"line":19,"column":6},"end":{"line":19,"column":24}},"12":{"start":{"line":23,"column":2},"end":{"line":23,"column":40}}},"fnMap":{"0":{"name":"(anonymous_0)","decl":{"start":{"line":6,"column":29},"end":{"line":6,"column":30}},"loc":{"start":{"line":6,"column":35},"end":{"line":24,"column":1}},"line":6},"1":{"name":"(anonymous_1)","decl":{"start":{"line":10,"column":21},"end":{"line":10,"column":22}},"loc":{"start":{"line":10,"column":35},"end":{"line":21,"column":3}},"line":10}},"branchMap":{"0":{"loc":{"start":{"line":17,"column":15},"end":{"line":17,"column":70}},"type":"binary-expr","locations":[{"start":{"line":17,"column":15},"end":{"line":17,"column":40}},{"start":{"line":17,"column":44},"end":{"line":17,"column":70}}],"line":17}},"s":{"0":2,"1":2,"2":2,"3":2,"4":2,"5":0,"6":0,"7":0,"8":0,"9":0,"10":0,"11":0,"12":2},"f":{"0":2,"1":0},"b":{"0":[0,0]},"_coverageSchema":"1a1c01bbd47fc00a2c39e90264f33305004495a9","hash":"255409a105e6c091487e66f0a49c19965f2a9655"}
,"/Proyectos/kajamart/frontend/src/shared/components/hooks/roles/usePermisosList.js": {"path":"/Proyectos/kajamart/frontend/src/shared/components/hooks/roles/usePermisosList.js","statementMap":{"0":{"start":{"line":4,"column":31},"end":{"line":53,"column":1}},"1":{"start":{"line":5,"column":52},"end":{"line":5,"column":64}},"2":{"start":{"line":6,"column":32},"end":{"line":6,"column":46}},"3":{"start":{"line":8,"column":2},"end":{"line":50,"column":9}},"4":{"start":{"line":9,"column":24},"end":{"line":47,"column":5}},"5":{"start":{"line":10,"column":6},"end":{"line":46,"column":7}},"6":{"start":{"line":11,"column":8},"end":{"line":11,"column":72}},"7":{"start":{"line":12,"column":25},"end":{"line":12,"column":87}},"8":{"start":{"line":13,"column":8},"end":{"line":13,"column":60}},"9":{"start":{"line":15,"column":8},"end":{"line":15,"column":60}},"10":{"start":{"line":16,"column":8},"end":{"line":16,"column":106}},"11":{"start":{"line":17,"column":8},"end":{"line":17,"column":82}},"12":{"start":{"line":20,"column":29},"end":{"line":20,"column":31}},"13":{"start":{"line":21,"column":8},"end":{"line":38,"column":11}},"14":{"start":{"line":22,"column":10},"end":{"line":37,"column":13}},"15":{"start":{"line":24,"column":12},"end":{"line":29,"column":13}},"16":{"start":{"line":25,"column":14},"end":{"line":28,"column":16}},"17":{"start":{"line":32,"column":12},"end":{"line":32,"column":116}},"18":{"start":{"line":33,"column":12},"end":{"line":36,"column":14}},"19":{"start":{"line":40,"column":8},"end":{"line":40,"column":76}},"20":{"start":{"line":41,"column":8},"end":{"line":41,"column":43}},"21":{"start":{"line":43,"column":8},"end":{"line":43,"column":61}},"22":{"start":{"line":45,"column":8},"end":{"line":45,"column":26}},"23":{"start":{"line":49,"column":4},"end":{"line":49,"column":18}},"24":{"start":{"line":52,"column":2},"end":{"line":52,"column":40}}},"fnMap":{"0":{"name":"(anonymous_0)","decl":{"start":{"line":4,"column":31},"end":{"line":4,"column":32}},"loc":{"start":{"line":4,"column":37},"end":{"line":53,"column":1}},"line":4},"1":{"name":"(anonymous_1)","decl":{"start":{"line":8,"column":12},"end":{"line":8,"column":13}},"loc":{"start":{"line":8,"column":18},"end":{"line":50,"column":3}},"line":8},"2":{"name":"(anonymous_2)","decl":{"start":{"line":9,"column":24},"end":{"line":9,"column":25}},"loc":{"start":{"line":9,"column":36},"end":{"line":47,"column":5}},"line":9},"3":{"name":"(anonymous_3)","decl":{"start":{"line":21,"column":37},"end":{"line":21,"column":38}},"loc":{"start":{"line":21,"column":61},"end":{"line":38,"column":9}},"line":21},"4":{"name":"(anonymous_4)","decl":{"start":{"line":22,"column":46},"end":{"line":22,"column":47}},"loc":{"start":{"line":22,"column":53},"end":{"line":37,"column":11}},"line":22}},"branchMap":{"0":{"loc":{"start":{"line":24,"column":12},"end":{"line":29,"column":13}},"type":"if","locations":[{"start":{"line":24,"column":12},"end":{"line":29,"column":13}},{"start":{},"end":{}}],"line":24},"1":{"loc":{"start":{"line":24,"column":16},"end":{"line":24,"column":51}},"type":"binary-expr","locations":[{"start":{"line":24,"column":16},"end":{"line":24,"column":37}},{"start":{"line":24,"column":41},"end":{"line":24,"column":51}}],"line":24},"2":{"loc":{"start":{"line":26,"column":35},"end":{"line":26,"column":60}},"type":"binary-expr","locations":[{"start":{"line":26,"column":35},"end":{"line":26,"column":47}},{"start":{"line":26,"column":51},"end":{"line":26,"column":55}},{"start":{"line":26,"column":59},"end":{"line":26,"column":60}}],"line":26},"3":{"loc":{"start":{"line":27,"column":32},"end":{"line":27,"column":73}},"type":"binary-expr","locations":[{"start":{"line":27,"column":32},"end":{"line":27,"column":48}},{"start":{"line":27,"column":52},"end":{"line":27,"column":60}},{"start":{"line":27,"column":64},"end":{"line":27,"column":73}}],"line":27}},"s":{"0":1,"1":2,"2":2,"3":2,"4":1,"5":1,"6":1,"7":1,"8":0,"9":0,"10":0,"11":0,"12":0,"13":0,"14":0,"15":0,"16":0,"17":0,"18":0,"19":0,"20":0,"21":0,"22":0,"23":1,"24":2},"f":{"0":2,"1":1,"2":1,"3":0,"4":0},"b":{"0":[0,0],"1":[0,0],"2":[0,0,0],"3":[0,0,0]},"_coverageSchema":"1a1c01bbd47fc00a2c39e90264f33305004495a9","hash":"1dda95b0ad257546f5dd361396e676d24bc0637e"}
,"/Proyectos/kajamart/frontend/src/shared/components/hooks/roles/useUpdateRole.js": {"path":"/Proyectos/kajamart/frontend/src/shared/components/hooks/roles/useUpdateRole.js","statementMap":{"0":{"start":{"line":4,"column":16},"end":{"line":4,"column":58}},"1":{"start":{"line":6,"column":29},"end":{"line":24,"column":1}},"2":{"start":{"line":7,"column":32},"end":{"line":7,"column":47}},"3":{"start":{"line":8,"column":28},"end":{"line":8,"column":42}},"4":{"start":{"line":10,"column":21},"end":{"line":21,"column":3}},"5":{"start":{"line":11,"column":4},"end":{"line":11,"column":21}},"6":{"start":{"line":12,"column":4},"end":{"line":12,"column":19}},"7":{"start":{"line":13,"column":4},"end":{"line":20,"column":5}},"8":{"start":{"line":14,"column":23},"end":{"line":14,"column":74}},"9":{"start":{"line":15,"column":6},"end":{"line":15,"column":18}},"10":{"start":{"line":17,"column":6},"end":{"line":17,"column":74}},"11":{"start":{"line":19,"column":6},"end":{"line":19,"column":24}},"12":{"start":{"line":23,"column":2},"end":{"line":23,"column":40}}},"fnMap":{"0":{"name":"(anonymous_0)","decl":{"start":{"line":6,"column":29},"end":{"line":6,"column":30}},"loc":{"start":{"line":6,"column":35},"end":{"line":24,"column":1}},"line":6},"1":{"name":"(anonymous_1)","decl":{"start":{"line":10,"column":21},"end":{"line":10,"column":22}},"loc":{"start":{"line":10,"column":51},"end":{"line":21,"column":3}},"line":10}},"branchMap":{"0":{"loc":{"start":{"line":17,"column":15},"end":{"line":17,"column":72}},"type":"binary-expr","locations":[{"start":{"line":17,"column":15},"end":{"line":17,"column":40}},{"start":{"line":17,"column":44},"end":{"line":17,"column":72}}],"line":17}},"s":{"0":1,"1":1,"2":2,"3":2,"4":2,"5":0,"6":0,"7":0,"8":0,"9":0,"10":0,"11":0,"12":2},"f":{"0":2,"1":0},"b":{"0":[0,0]},"_coverageSchema":"1a1c01bbd47fc00a2c39e90264f33305004495a9","hash":"f5137622224a97df741f79f85a3e889dde232c87"}
}
