TN:
SF:src/auth/login.jsx
FN:13,Login
FN:23,(anonymous_1)
FN:96,(anonymous_2)
FN:114,(anonymous_3)
FN:119,(anonymous_4)
FNF:5
FNH:4
FNDA:12,Login
FNDA:2,(anonymous_1)
FNDA:3,(anonymous_2)
FNDA:2,(anonymous_3)
FNDA:0,(anonymous_4)
DA:14,12
DA:15,12
DA:16,12
DA:17,12
DA:18,12
DA:19,12
DA:20,12
DA:22,12
DA:23,12
DA:24,2
DA:25,2
DA:27,2
DA:28,2
DA:30,1
DA:32,1
DA:36,12
DA:96,3
DA:114,2
DA:119,0
LF:19
LH:18
BRDA:22,0,0,12
BRDA:22,0,1,0
BRDA:28,1,0,1
BRDA:28,1,1,1
BRDA:32,2,0,1
BRDA:32,2,1,0
BRDA:107,3,0,0
BRDA:107,3,1,12
BRDA:122,4,0,0
BRDA:122,4,1,12
BRDA:139,5,0,12
BRDA:139,5,1,8
BRDA:139,5,2,5
BRDA:142,6,0,0
BRDA:142,6,1,12
BRDA:146,7,0,12
BRDA:146,7,1,1
BRF:17
BRH:12
end_of_record
TN:
SF:src/features/returns/returnClient/indexClientReturns.jsx
FN:22,IndexClientReturns
FN:50,(anonymous_1)
FN:55,(anonymous_2)
FN:57,(anonymous_3)
FN:63,(anonymous_4)
FN:69,(anonymous_5)
FN:77,(anonymous_6)
FN:80,(anonymous_7)
FN:81,(anonymous_8)
FN:88,(anonymous_9)
FN:97,(anonymous_10)
FN:103,(anonymous_11)
FN:118,(anonymous_12)
FN:122,(anonymous_13)
FN:130,(anonymous_14)
FN:143,(anonymous_15)
FN:144,(anonymous_16)
FN:145,(anonymous_17)
FN:148,(anonymous_18)
FN:164,(anonymous_19)
FN:197,(anonymous_20)
FN:238,(anonymous_21)
FN:247,(anonymous_22)
FN:255,(anonymous_23)
FN:258,(anonymous_24)
FN:262,(anonymous_25)
FN:312,(anonymous_26)
FN:358,(anonymous_27)
FN:367,(anonymous_28)
FN:390,(anonymous_29)
FNF:30
FNH:13
FNDA:8,IndexClientReturns
FNDA:7,(anonymous_1)
FNDA:0,(anonymous_2)
FNDA:0,(anonymous_3)
FNDA:0,(anonymous_4)
FNDA:10,(anonymous_5)
FNDA:8,(anonymous_6)
FNDA:6,(anonymous_7)
FNDA:6,(anonymous_8)
FNDA:0,(anonymous_9)
FNDA:6,(anonymous_10)
FNDA:6,(anonymous_11)
FNDA:0,(anonymous_12)
FNDA:10,(anonymous_13)
FNDA:0,(anonymous_14)
FNDA:0,(anonymous_15)
FNDA:0,(anonymous_16)
FNDA:0,(anonymous_17)
FNDA:0,(anonymous_18)
FNDA:5,(anonymous_19)
FNDA:7,(anonymous_20)
FNDA:1,(anonymous_21)
FNDA:0,(anonymous_22)
FNDA:0,(anonymous_23)
FNDA:0,(anonymous_24)
FNDA:0,(anonymous_25)
FNDA:5,(anonymous_26)
FNDA:0,(anonymous_27)
FNDA:0,(anonymous_28)
FNDA:0,(anonymous_29)
DA:24,8
DA:34,8
DA:36,8
DA:37,8
DA:38,8
DA:39,8
DA:40,8
DA:41,8
DA:42,8
DA:43,8
DA:44,8
DA:45,8
DA:46,8
DA:47,8
DA:50,8
DA:51,7
DA:55,8
DA:56,0
DA:57,0
DA:58,0
DA:59,0
DA:63,8
DA:64,0
DA:65,0
DA:69,8
DA:70,10
DA:77,8
DA:78,8
DA:79,8
DA:81,6
DA:88,6
DA:95,6
DA:98,6
DA:99,6
DA:100,6
DA:101,6
DA:104,6
DA:105,6
DA:106,1
DA:115,8
DA:116,8
DA:118,8
DA:119,0
DA:120,0
DA:122,8
DA:123,10
DA:130,8
DA:131,0
DA:132,0
DA:133,0
DA:135,0
DA:143,0
DA:144,0
DA:146,0
DA:147,0
DA:148,0
DA:150,0
DA:151,0
DA:153,0
DA:154,0
DA:159,0
DA:160,0
DA:164,8
DA:165,5
DA:184,8
DA:192,8
DA:197,8
DA:198,7
DA:201,8
DA:239,1
DA:240,1
DA:248,0
DA:249,0
DA:255,0
DA:258,0
DA:262,0
DA:313,5
DA:358,0
DA:367,0
DA:391,0
DA:392,0
DA:393,0
LF:82
LH:49
BRDA:56,0,0,0
BRDA:56,0,1,0
BRDA:58,1,0,0
BRDA:58,1,1,0
BRDA:78,2,0,8
BRDA:78,2,1,0
BRDA:81,3,0,6
BRDA:81,3,1,0
BRDA:88,4,0,6
BRDA:88,4,1,0
BRDA:98,5,0,6
BRDA:98,5,1,6
BRDA:99,6,0,0
BRDA:99,6,1,6
BRDA:100,7,0,0
BRDA:100,7,1,6
BRDA:105,8,0,5
BRDA:105,8,1,1
BRDA:107,9,0,1
BRDA:107,9,1,1
BRDA:107,9,2,1
BRDA:107,9,3,1
BRDA:131,10,0,0
BRDA:131,10,1,0
BRDA:132,11,0,0
BRDA:132,11,1,0
BRDA:133,12,0,0
BRDA:133,12,1,0
BRDA:159,13,0,0
BRDA:159,13,1,0
BRDA:170,14,0,5
BRDA:170,14,1,3
BRDA:172,15,0,5
BRDA:172,15,1,0
BRDA:173,16,0,2
BRDA:173,16,1,3
BRDA:173,17,0,5
BRDA:173,17,1,3
BRDA:177,18,0,5
BRDA:177,18,1,0
BRDA:293,19,0,1
BRDA:293,19,1,7
BRDA:302,20,0,2
BRDA:302,20,1,5
BRDA:308,21,0,2
BRDA:308,21,1,2
BRDA:336,22,0,5
BRDA:336,22,1,0
BRDA:345,23,0,5
BRDA:345,23,1,0
BRDA:356,24,0,5
BRDA:356,24,1,5
BRDA:357,25,0,5
BRDA:357,25,1,3
BRDA:357,26,0,3
BRDA:357,26,1,0
BRDA:357,27,0,3
BRDA:357,27,1,3
BRDA:361,28,0,5
BRDA:361,28,1,0
BRDA:361,29,0,5
BRDA:361,29,1,5
BRF:62
BRH:39
end_of_record
TN:
SF:src/features/returns/returnClient/helpers/exportToXls.js
FN:4,(anonymous_0)
FN:10,(anonymous_1)
FN:11,(anonymous_2)
FN:24,(anonymous_3)
FN:60,(anonymous_4)
FN:70,(anonymous_5)
FN:75,(anonymous_6)
FN:85,(anonymous_7)
FN:87,(anonymous_8)
FNF:9
FNH:0
FNDA:0,(anonymous_0)
FNDA:0,(anonymous_1)
FNDA:0,(anonymous_2)
FNDA:0,(anonymous_3)
FNDA:0,(anonymous_4)
FNDA:0,(anonymous_5)
FNDA:0,(anonymous_6)
FNDA:0,(anonymous_7)
FNDA:0,(anonymous_8)
DA:4,1
DA:5,0
DA:6,0
DA:7,0
DA:10,1
DA:11,0
DA:24,1
DA:25,0
DA:26,0
DA:28,0
DA:29,0
DA:30,0
DA:33,0
DA:34,0
DA:35,0
DA:36,0
DA:38,0
DA:39,0
DA:40,0
DA:41,0
DA:42,0
DA:43,0
DA:48,0
DA:50,0
DA:51,0
DA:53,0
DA:54,0
DA:56,0
DA:57,0
DA:59,0
DA:60,0
DA:61,0
DA:62,0
DA:63,0
DA:70,0
DA:71,0
DA:72,0
DA:74,0
DA:75,0
DA:76,0
DA:85,0
DA:86,0
DA:87,0
DA:88,0
DA:89,0
DA:91,0
DA:94,0
DA:95,0
DA:100,0
DA:101,0
LF:50
LH:3
BRDA:6,0,0,0
BRDA:6,0,1,0
BRDA:10,1,0,0
BRDA:12,2,0,0
BRDA:12,2,1,0
BRDA:13,3,0,0
BRDA:13,3,1,0
BRDA:14,4,0,0
BRDA:14,4,1,0
BRDA:15,5,0,0
BRDA:15,5,1,0
BRDA:16,6,0,0
BRDA:16,6,1,0
BRDA:18,7,0,0
BRDA:18,7,1,0
BRDA:19,8,0,0
BRDA:19,8,1,0
BRDA:20,9,0,0
BRDA:20,9,1,0
BRDA:21,10,0,0
BRDA:21,10,1,0
BRDA:24,11,0,0
BRDA:28,12,0,0
BRDA:28,12,1,0
BRDA:74,13,0,0
BRDA:74,13,1,0
BRDA:88,14,0,0
BRDA:88,14,1,0
BRDA:91,15,0,0
BRDA:91,15,1,0
BRF:30
BRH:0
end_of_record
