TN:
SF:src/features/roles/deleteRoles.jsx
FN:7,DeleteRoleModal
FN:12,(anonymous_1)
FN:19,(anonymous_2)
FN:20,(anonymous_3)
FN:24,(anonymous_4)
FN:27,(anonymous_5)
FN:60,(anonymous_6)
FNF:7
FNH:5
FNDA:2,DeleteRoleModal
FNDA:2,(anonymous_1)
FNDA:2,(anonymous_2)
FNDA:0,(anonymous_3)
FNDA:2,(anonymous_4)
FNDA:0,(anonymous_5)
FNDA:1,(anonymous_6)
DA:8,2
DA:9,2
DA:12,2
DA:13,2
DA:14,2
DA:19,2
DA:20,2
DA:21,0
DA:23,2
DA:24,2
DA:27,2
DA:28,0
DA:29,0
DA:30,0
DA:31,0
DA:32,0
DA:33,0
DA:37,2
DA:60,1
LF:19
LH:12
BRDA:13,0,0,2
BRDA:13,0,1,0
BRDA:13,1,0,2
BRDA:13,1,1,2
BRDA:21,2,0,0
BRDA:21,2,1,0
BRDA:21,3,0,0
BRDA:21,3,1,0
BRDA:28,4,0,0
BRDA:28,4,1,0
BRDA:30,5,0,0
BRDA:30,5,1,0
BRDA:39,6,0,2
BRDA:39,6,1,2
BRDA:69,7,0,2
BRDA:69,7,1,0
BRDA:74,8,0,2
BRDA:74,8,1,0
BRDA:88,9,0,0
BRDA:88,9,1,2
BRDA:92,10,0,0
BRDA:92,10,1,2
BRF:22
BRH:9
end_of_record
TN:
SF:src/features/roles/editRoles.jsx
FN:10,EditRoles
FN:29,(anonymous_1)
FN:45,(anonymous_2)
FN:59,(anonymous_3)
FN:75,(anonymous_4)
FN:98,(anonymous_5)
FN:105,(anonymous_6)
FN:108,(anonymous_7)
FN:111,(anonymous_8)
FN:117,(anonymous_9)
FN:125,(anonymous_10)
FN:127,(anonymous_11)
FN:132,(anonymous_12)
FN:135,(anonymous_13)
FN:139,(anonymous_14)
FN:145,(anonymous_15)
FN:149,(anonymous_16)
FN:152,(anonymous_17)
FN:156,(anonymous_18)
FN:170,(anonymous_19)
FN:182,(anonymous_20)
FN:183,(anonymous_21)
FN:185,(anonymous_22)
FN:188,(anonymous_23)
FN:191,(anonymous_24)
FN:197,(anonymous_25)
FN:198,(anonymous_26)
FN:203,(anonymous_27)
FN:220,(anonymous_28)
FN:221,(anonymous_29)
FN:298,(anonymous_30)
FN:425,(anonymous_31)
FN:443,(anonymous_32)
FN:450,(anonymous_33)
FN:460,(anonymous_34)
FNF:35
FNH:6
FNDA:2,EditRoles
FNDA:1,(anonymous_1)
FNDA:1,(anonymous_2)
FNDA:1,(anonymous_3)
FNDA:1,(anonymous_4)
FNDA:1,(anonymous_5)
FNDA:0,(anonymous_6)
FNDA:0,(anonymous_7)
FNDA:0,(anonymous_8)
FNDA:0,(anonymous_9)
FNDA:0,(anonymous_10)
FNDA:0,(anonymous_11)
FNDA:0,(anonymous_12)
FNDA:0,(anonymous_13)
FNDA:0,(anonymous_14)
FNDA:0,(anonymous_15)
FNDA:0,(anonymous_16)
FNDA:0,(anonymous_17)
FNDA:0,(anonymous_18)
FNDA:0,(anonymous_19)
FNDA:0,(anonymous_20)
FNDA:0,(anonymous_21)
FNDA:0,(anonymous_22)
FNDA:0,(anonymous_23)
FNDA:0,(anonymous_24)
FNDA:0,(anonymous_25)
FNDA:0,(anonymous_26)
FNDA:0,(anonymous_27)
FNDA:0,(anonymous_28)
FNDA:0,(anonymous_29)
FNDA:0,(anonymous_30)
FNDA:0,(anonymous_31)
FNDA:0,(anonymous_32)
FNDA:0,(anonymous_33)
FNDA:0,(anonymous_34)
DA:11,2
DA:12,2
DA:14,2
DA:15,2
DA:23,2
DA:29,2
DA:30,1
DA:31,0
DA:33,1
DA:34,0
DA:36,1
DA:37,0
DA:39,1
DA:40,0
DA:42,1
DA:45,2
DA:46,1
DA:47,0
DA:49,1
DA:50,0
DA:52,1
DA:53,0
DA:55,1
DA:59,2
DA:60,1
DA:62,1
DA:69,1
DA:73,1
DA:75,1
DA:76,1
DA:77,1
DA:80,0
DA:82,0
DA:86,1
DA:88,0
DA:89,0
DA:93,0
DA:98,2
DA:99,1
DA:104,0
DA:105,0
DA:106,0
DA:108,0
DA:111,0
DA:112,0
DA:113,0
DA:117,0
DA:125,2
DA:126,0
DA:127,0
DA:130,0
DA:131,0
DA:132,0
DA:133,0
DA:134,0
DA:135,0
DA:139,2
DA:140,0
DA:141,0
DA:144,0
DA:145,0
DA:146,0
DA:149,0
DA:150,0
DA:151,0
DA:152,0
DA:153,0
DA:156,0
DA:157,0
DA:158,0
DA:161,0
DA:164,0
DA:165,0
DA:169,0
DA:170,0
DA:171,0
DA:172,0
DA:173,0
DA:178,0
DA:182,2
DA:183,0
DA:184,0
DA:185,0
DA:186,0
DA:188,0
DA:191,2
DA:192,0
DA:193,0
DA:197,0
DA:198,0
DA:203,2
DA:204,0
DA:207,0
DA:208,0
DA:210,0
DA:215,0
DA:216,0
DA:219,0
DA:220,0
DA:221,0
DA:223,0
DA:230,0
DA:231,0
DA:233,0
DA:234,0
DA:237,0
DA:245,0
DA:248,0
DA:251,0
DA:256,2
DA:262,2
DA:272,2
DA:274,2
DA:298,0
DA:425,0
DA:444,0
DA:451,0
DA:452,0
DA:461,0
LF:119
LH:36
BRDA:30,0,0,0
BRDA:30,0,1,1
BRDA:30,1,0,1
BRDA:30,1,1,1
BRDA:33,2,0,0
BRDA:33,2,1,1
BRDA:36,3,0,0
BRDA:36,3,1,1
BRDA:39,4,0,0
BRDA:39,4,1,1
BRDA:46,5,0,0
BRDA:46,5,1,1
BRDA:46,6,0,1
BRDA:46,6,1,1
BRDA:49,7,0,0
BRDA:49,7,1,1
BRDA:52,8,0,0
BRDA:52,8,1,1
BRDA:60,9,0,1
BRDA:60,9,1,0
BRDA:99,10,0,0
BRDA:99,10,1,1
BRDA:100,11,0,1
BRDA:100,11,1,0
BRDA:100,11,2,0
BRDA:107,12,0,0
BRDA:107,12,1,0
BRDA:108,13,0,0
BRDA:108,13,1,0
BRDA:130,14,0,0
BRDA:130,14,1,0
BRDA:133,15,0,0
BRDA:133,15,1,0
BRDA:144,16,0,0
BRDA:144,16,1,0
BRDA:146,17,0,0
BRDA:146,17,1,0
BRDA:151,18,0,0
BRDA:151,18,1,0
BRDA:153,19,0,0
BRDA:153,19,1,0
BRDA:164,20,0,0
BRDA:164,20,1,0
BRDA:164,21,0,0
BRDA:164,21,1,0
BRDA:164,21,2,0
BRDA:164,21,3,0
BRDA:169,22,0,0
BRDA:169,22,1,0
BRDA:169,23,0,0
BRDA:169,23,1,0
BRDA:169,23,2,0
BRDA:172,24,0,0
BRDA:172,24,1,0
BRDA:172,25,0,0
BRDA:172,25,1,0
BRDA:194,26,0,0
BRDA:194,26,1,0
BRDA:198,27,0,0
BRDA:198,27,1,0
BRDA:215,28,0,0
BRDA:215,28,1,0
BRDA:215,29,0,0
BRDA:215,29,1,0
BRDA:233,30,0,0
BRDA:233,30,1,0
BRDA:245,31,0,0
BRDA:245,31,1,0
BRDA:272,32,0,0
BRDA:272,32,1,2
BRDA:276,33,0,2
BRDA:276,33,1,2
BRDA:326,34,0,1
BRDA:326,34,1,1
BRDA:327,35,0,1
BRDA:327,35,1,0
BRDA:333,36,0,2
BRDA:333,36,1,1
BRDA:335,37,0,1
BRDA:335,37,1,0
BRDA:343,38,0,2
BRDA:343,38,1,1
BRDA:343,38,2,0
BRDA:348,39,0,2
BRDA:348,39,1,1
BRDA:348,39,2,1
BRDA:365,40,0,1
BRDA:365,40,1,1
BRDA:366,41,0,1
BRDA:366,41,1,0
BRDA:373,42,0,2
BRDA:373,42,1,1
BRDA:375,43,0,1
BRDA:375,43,1,0
BRDA:383,44,0,2
BRDA:383,44,1,1
BRDA:383,44,2,0
BRDA:388,45,0,2
BRDA:388,45,1,1
BRDA:388,45,2,1
BRDA:403,46,0,2
BRDA:403,46,1,0
BRDA:406,47,0,2
BRDA:406,47,1,0
BRDA:430,48,0,2
BRDA:430,48,1,0
BRDA:459,49,0,0
BRDA:459,49,1,0
BRDA:492,50,0,2
BRDA:492,50,1,2
BRDA:492,50,2,1
BRDA:495,51,0,0
BRDA:495,51,1,2
BRDA:500,52,0,2
BRDA:500,52,1,0
BRF:115
BRH:47
end_of_record
TN:
SF:src/features/roles/indexRoles.jsx
FN:17,ChevronIcon
FN:40,IndexRoles
FN:68,(anonymous_2)
FN:69,(anonymous_3)
FN:76,(anonymous_4)
FN:82,(anonymous_5)
FN:87,(anonymous_6)
FN:93,(anonymous_7)
FN:99,(anonymous_8)
FN:103,(anonymous_9)
FN:109,(anonymous_10)
FN:114,(anonymous_11)
FN:119,(anonymous_12)
FN:124,(anonymous_13)
FN:170,(anonymous_14)
FN:182,(anonymous_15)
FN:203,(anonymous_16)
FN:210,(anonymous_17)
FN:244,(anonymous_18)
FN:245,(anonymous_19)
FN:246,(anonymous_20)
FN:282,(anonymous_21)
FN:295,(anonymous_22)
FN:297,(anonymous_23)
FN:300,(anonymous_24)
FN:319,(anonymous_25)
FN:321,(anonymous_26)
FN:323,(anonymous_27)
FN:325,(anonymous_28)
FNF:29
FNH:3
FNDA:0,ChevronIcon
FNDA:1,IndexRoles
FNDA:0,(anonymous_2)
FNDA:0,(anonymous_3)
FNDA:1,(anonymous_4)
FNDA:1,(anonymous_5)
FNDA:0,(anonymous_6)
FNDA:0,(anonymous_7)
FNDA:0,(anonymous_8)
FNDA:0,(anonymous_9)
FNDA:0,(anonymous_10)
FNDA:0,(anonymous_11)
FNDA:0,(anonymous_12)
FNDA:0,(anonymous_13)
FNDA:0,(anonymous_14)
FNDA:0,(anonymous_15)
FNDA:0,(anonymous_16)
FNDA:0,(anonymous_17)
FNDA:0,(anonymous_18)
FNDA:0,(anonymous_19)
FNDA:0,(anonymous_20)
FNDA:0,(anonymous_21)
FNDA:0,(anonymous_22)
FNDA:0,(anonymous_23)
FNDA:0,(anonymous_24)
FNDA:0,(anonymous_25)
FNDA:0,(anonymous_26)
FNDA:0,(anonymous_27)
FNDA:0,(anonymous_28)
DA:14,1
DA:15,1
DA:18,0
DA:41,1
DA:42,1
DA:43,1
DA:52,1
DA:54,1
DA:55,1
DA:56,1
DA:57,1
DA:58,1
DA:59,1
DA:60,1
DA:61,1
DA:62,1
DA:63,1
DA:64,1
DA:65,1
DA:67,1
DA:68,1
DA:69,0
DA:70,0
DA:71,0
DA:72,0
DA:76,1
DA:77,1
DA:82,1
DA:83,1
DA:87,1
DA:88,0
DA:89,0
DA:90,0
DA:93,1
DA:94,0
DA:95,0
DA:96,0
DA:99,1
DA:100,0
DA:101,0
DA:102,0
DA:103,0
DA:105,0
DA:109,1
DA:110,0
DA:111,0
DA:114,1
DA:115,0
DA:116,0
DA:119,1
DA:120,0
DA:121,0
DA:124,1
DA:126,1
DA:127,1
DA:129,1
DA:130,0
DA:137,1
DA:171,0
DA:172,0
DA:183,0
DA:184,0
DA:204,0
DA:205,0
DA:206,0
DA:210,0
DA:244,0
DA:245,0
DA:246,0
DA:283,0
DA:295,0
DA:297,0
DA:300,0
DA:319,0
DA:321,0
DA:323,0
DA:325,0
LF:77
LH:35
BRDA:25,0,0,0
BRDA:25,0,1,0
BRDA:54,1,0,1
BRDA:54,1,1,0
BRDA:71,2,0,0
BRDA:71,2,1,0
BRDA:78,3,0,0
BRDA:78,3,1,1
BRDA:78,4,0,1
BRDA:78,4,1,1
BRDA:78,4,2,1
BRDA:78,4,3,1
BRDA:102,5,0,0
BRDA:102,5,1,0
BRDA:102,6,0,0
BRDA:102,6,1,0
BRDA:129,7,0,0
BRDA:129,7,1,1
BRDA:132,8,0,0
BRDA:132,8,1,0
BRDA:195,9,0,0
BRDA:195,9,1,1
BRDA:199,10,0,1
BRDA:199,10,1,0
BRDA:204,11,0,0
BRDA:204,11,1,0
BRDA:204,11,2,0
BRDA:218,12,0,0
BRDA:218,12,1,0
BRDA:219,13,0,0
BRDA:219,13,1,0
BRDA:222,14,0,0
BRDA:222,14,1,0
BRDA:223,15,0,0
BRDA:223,15,1,0
BRDA:223,15,2,0
BRDA:231,16,0,0
BRDA:231,16,1,0
BRDA:241,17,0,0
BRDA:241,17,1,0
BRDA:245,18,0,0
BRDA:245,18,1,0
BRDA:245,19,0,0
BRDA:245,19,1,0
BRDA:246,20,0,0
BRDA:246,20,1,0
BRDA:246,21,0,0
BRDA:246,21,1,0
BRDA:272,22,0,0
BRDA:272,22,1,1
BRDA:273,23,0,0
BRDA:273,23,1,1
BRDA:277,24,0,1
BRDA:277,24,1,0
BRDA:283,25,0,0
BRDA:283,25,1,0
BRDA:283,25,2,0
BRDA:284,26,0,0
BRDA:284,26,1,0
BRDA:284,26,2,0
BRDA:285,27,0,0
BRDA:285,27,1,0
BRDA:285,27,2,0
BRDA:287,28,0,0
BRDA:287,28,1,0
BRDA:296,29,0,0
BRDA:296,29,1,0
BRDA:296,29,2,0
BRDA:296,30,0,0
BRDA:296,30,1,0
BRDA:299,31,0,0
BRDA:299,31,1,0
BRDA:299,31,2,0
BRDA:299,32,0,0
BRDA:299,32,1,0
BRF:75
BRH:12
end_of_record
TN:
SF:src/features/roles/registerRoles.jsx
FN:7,RegisterRoles
FN:24,(anonymous_1)
FN:40,(anonymous_2)
FN:54,(anonymous_3)
FN:59,(anonymous_4)
FN:61,(anonymous_5)
FN:73,(anonymous_6)
FN:80,(anonymous_7)
FN:85,(anonymous_8)
FN:87,(anonymous_9)
FN:92,(anonymous_10)
FN:95,(anonymous_11)
FN:99,(anonymous_12)
FN:105,(anonymous_13)
FN:109,(anonymous_14)
FN:112,(anonymous_15)
FN:116,(anonymous_16)
FN:130,(anonymous_17)
FN:142,(anonymous_18)
FN:143,(anonymous_19)
FN:145,(anonymous_20)
FN:148,(anonymous_21)
FN:151,(anonymous_22)
FN:152,(anonymous_23)
FN:154,(anonymous_24)
FN:158,(anonymous_25)
FN:161,(anonymous_26)
FN:164,(anonymous_27)
FN:165,(anonymous_28)
FN:170,(anonymous_29)
FN:187,(anonymous_30)
FN:188,(anonymous_31)
FN:189,(anonymous_32)
FN:268,(anonymous_33)
FN:379,(anonymous_34)
FN:394,(anonymous_35)
FN:399,(anonymous_36)
FN:407,(anonymous_37)
FN:418,(anonymous_38)
FN:420,(anonymous_39)
FNF:40
FNH:7
FNDA:2,RegisterRoles
FNDA:1,(anonymous_1)
FNDA:0,(anonymous_2)
FNDA:1,(anonymous_3)
FNDA:0,(anonymous_4)
FNDA:0,(anonymous_5)
FNDA:0,(anonymous_6)
FNDA:0,(anonymous_7)
FNDA:1,(anonymous_8)
FNDA:1,(anonymous_9)
FNDA:1,(anonymous_10)
FNDA:0,(anonymous_11)
FNDA:0,(anonymous_12)
FNDA:0,(anonymous_13)
FNDA:0,(anonymous_14)
FNDA:0,(anonymous_15)
FNDA:0,(anonymous_16)
FNDA:0,(anonymous_17)
FNDA:0,(anonymous_18)
FNDA:0,(anonymous_19)
FNDA:0,(anonymous_20)
FNDA:0,(anonymous_21)
FNDA:0,(anonymous_22)
FNDA:0,(anonymous_23)
FNDA:0,(anonymous_24)
FNDA:0,(anonymous_25)
FNDA:0,(anonymous_26)
FNDA:0,(anonymous_27)
FNDA:0,(anonymous_28)
FNDA:0,(anonymous_29)
FNDA:0,(anonymous_30)
FNDA:0,(anonymous_31)
FNDA:0,(anonymous_32)
FNDA:1,(anonymous_33)
FNDA:0,(anonymous_34)
FNDA:0,(anonymous_35)
FNDA:0,(anonymous_36)
FNDA:0,(anonymous_37)
FNDA:0,(anonymous_38)
FNDA:0,(anonymous_39)
DA:8,2
DA:10,2
DA:18,2
DA:24,2
DA:25,1
DA:26,0
DA:28,1
DA:29,1
DA:31,0
DA:32,0
DA:34,0
DA:35,0
DA:37,0
DA:40,2
DA:41,0
DA:42,0
DA:44,0
DA:45,0
DA:47,0
DA:48,0
DA:50,0
DA:54,2
DA:55,1
DA:56,0
DA:58,0
DA:59,0
DA:61,0
DA:62,0
DA:63,0
DA:64,0
DA:67,0
DA:73,0
DA:74,0
DA:75,0
DA:79,0
DA:80,0
DA:85,2
DA:86,1
DA:87,1
DA:90,1
DA:91,1
DA:92,1
DA:93,0
DA:94,0
DA:95,0
DA:99,2
DA:100,0
DA:101,0
DA:104,0
DA:105,0
DA:106,0
DA:109,0
DA:110,0
DA:111,0
DA:112,0
DA:113,0
DA:116,0
DA:117,0
DA:118,0
DA:121,0
DA:124,0
DA:125,0
DA:129,0
DA:130,0
DA:131,0
DA:132,0
DA:133,0
DA:138,0
DA:142,2
DA:143,0
DA:144,0
DA:145,0
DA:146,0
DA:148,0
DA:151,2
DA:152,0
DA:153,0
DA:154,0
DA:155,0
DA:156,0
DA:158,0
DA:161,2
DA:162,0
DA:163,0
DA:164,0
DA:165,0
DA:170,2
DA:171,0
DA:174,0
DA:175,0
DA:177,0
DA:182,0
DA:183,0
DA:186,0
DA:187,0
DA:188,0
DA:189,0
DA:191,0
DA:193,0
DA:200,0
DA:202,0
DA:203,0
DA:204,0
DA:207,0
DA:215,0
DA:218,0
DA:224,0
DA:232,2
DA:238,2
DA:244,2
DA:268,1
DA:379,0
DA:395,0
DA:400,0
DA:401,0
DA:402,0
DA:407,0
DA:418,0
DA:420,0
LF:119
LH:25
BRDA:25,0,0,0
BRDA:25,0,1,1
BRDA:25,1,0,1
BRDA:25,1,1,1
BRDA:28,2,0,1
BRDA:28,2,1,0
BRDA:31,3,0,0
BRDA:31,3,1,0
BRDA:34,4,0,0
BRDA:34,4,1,0
BRDA:41,5,0,0
BRDA:41,5,1,0
BRDA:41,6,0,0
BRDA:41,6,1,0
BRDA:44,7,0,0
BRDA:44,7,1,0
BRDA:47,8,0,0
BRDA:47,8,1,0
BRDA:55,9,0,0
BRDA:55,9,1,1
BRDA:55,10,0,1
BRDA:55,10,1,1
BRDA:62,11,0,0
BRDA:62,11,1,0
BRDA:68,12,0,0
BRDA:68,12,1,0
BRDA:68,12,2,0
BRDA:69,13,0,0
BRDA:69,13,1,0
BRDA:69,13,2,0
BRDA:90,14,0,1
BRDA:90,14,1,0
BRDA:93,15,0,0
BRDA:93,15,1,0
BRDA:104,16,0,0
BRDA:104,16,1,0
BRDA:105,17,0,0
BRDA:105,17,1,0
BRDA:105,17,2,0
BRDA:106,18,0,0
BRDA:106,18,1,0
BRDA:111,19,0,0
BRDA:111,19,1,0
BRDA:112,20,0,0
BRDA:112,20,1,0
BRDA:112,20,2,0
BRDA:113,21,0,0
BRDA:113,21,1,0
BRDA:124,22,0,0
BRDA:124,22,1,0
BRDA:124,23,0,0
BRDA:124,23,1,0
BRDA:124,23,2,0
BRDA:124,23,3,0
BRDA:129,24,0,0
BRDA:129,24,1,0
BRDA:129,25,0,0
BRDA:129,25,1,0
BRDA:129,25,2,0
BRDA:132,26,0,0
BRDA:132,26,1,0
BRDA:132,27,0,0
BRDA:132,27,1,0
BRDA:152,28,0,0
BRDA:152,28,1,0
BRDA:155,29,0,0
BRDA:155,29,1,0
BRDA:163,30,0,0
BRDA:163,30,1,0
BRDA:165,31,0,0
BRDA:165,31,1,0
BRDA:182,32,0,0
BRDA:182,32,1,0
BRDA:182,33,0,0
BRDA:182,33,1,0
BRDA:203,34,0,0
BRDA:203,34,1,0
BRDA:213,35,0,0
BRDA:213,35,1,0
BRDA:246,36,0,2
BRDA:246,36,1,2
BRDA:291,37,0,1
BRDA:291,37,1,1
BRDA:292,38,0,0
BRDA:292,38,1,1
BRDA:299,39,0,2
BRDA:299,39,1,1
BRDA:301,40,0,0
BRDA:301,40,1,1
BRDA:309,41,0,2
BRDA:309,41,1,1
BRDA:309,41,2,1
BRDA:314,42,0,2
BRDA:314,42,1,1
BRDA:314,42,2,0
BRDA:329,43,0,0
BRDA:329,43,1,2
BRDA:330,44,0,0
BRDA:330,44,1,0
BRDA:338,45,0,2
BRDA:338,45,1,0
BRDA:340,46,0,0
BRDA:340,46,1,0
BRDA:348,47,0,2
BRDA:348,47,1,0
BRDA:348,47,2,0
BRDA:353,48,0,2
BRDA:353,48,1,0
BRDA:353,48,2,0
BRDA:364,49,0,2
BRDA:364,49,1,0
BRDA:365,50,0,2
BRDA:365,50,1,0
BRDA:400,51,0,0
BRDA:400,51,1,0
BRDA:406,52,0,0
BRDA:406,52,1,0
BRDA:420,53,0,0
BRDA:420,53,1,0
BRDA:442,54,0,2
BRDA:442,54,1,2
BRDA:442,54,2,0
BRDA:445,55,0,0
BRDA:445,55,1,2
BRF:124
BRH:30
end_of_record
TN:
SF:src/shared/components/alerts.jsx
FN:4,(anonymous_0)
FN:20,(anonymous_1)
FN:35,(anonymous_2)
FN:54,(anonymous_3)
FN:69,(anonymous_4)
FN:84,(anonymous_5)
FN:93,(anonymous_6)
FN:103,(anonymous_7)
FNF:8
FNH:0
FNDA:0,(anonymous_0)
FNDA:0,(anonymous_1)
FNDA:0,(anonymous_2)
FNDA:0,(anonymous_3)
FNDA:0,(anonymous_4)
FNDA:0,(anonymous_5)
FNDA:0,(anonymous_6)
FNDA:0,(anonymous_7)
DA:4,5
DA:7,0
DA:20,5
DA:23,0
DA:35,5
DA:38,0
DA:50,0
DA:54,5
DA:57,0
DA:69,5
DA:72,0
DA:84,5
DA:85,0
DA:94,0
DA:103,5
DA:104,0
DA:115,0
LF:17
LH:7
BRDA:5,0,0,0
BRDA:21,1,0,0
BRDA:36,2,0,0
BRDA:55,3,0,0
BRDA:70,4,0,0
BRDA:84,5,0,0
BRDA:103,6,0,0
BRF:7
BRH:0
end_of_record
TN:
SF:src/shared/components/buttons.jsx
FN:9,(anonymous_0)
FN:10,(anonymous_1)
FN:11,(anonymous_2)
FN:14,(anonymous_3)
FN:26,(anonymous_4)
FN:32,(anonymous_5)
FN:38,(anonymous_6)
FN:45,(anonymous_7)
FN:55,(anonymous_8)
FN:61,(anonymous_9)
FN:67,(anonymous_10)
FN:73,(anonymous_11)
FN:82,(anonymous_12)
FN:83,(anonymous_13)
FN:85,(anonymous_14)
FN:96,(anonymous_15)
FN:99,(anonymous_16)
FN:108,(anonymous_17)
FN:111,(anonymous_18)
FN:123,(anonymous_19)
FN:140,(anonymous_20)
FN:148,(anonymous_21)
FN:156,(anonymous_22)
FN:173,(anonymous_23)
FN:183,(anonymous_24)
FN:191,(anonymous_25)
FN:199,(anonymous_26)
FNF:27
FNH:0
FNDA:0,(anonymous_0)
FNDA:0,(anonymous_1)
FNDA:0,(anonymous_2)
FNDA:0,(anonymous_3)
FNDA:0,(anonymous_4)
FNDA:0,(anonymous_5)
FNDA:0,(anonymous_6)
FNDA:0,(anonymous_7)
FNDA:0,(anonymous_8)
FNDA:0,(anonymous_9)
FNDA:0,(anonymous_10)
FNDA:0,(anonymous_11)
FNDA:0,(anonymous_12)
FNDA:0,(anonymous_13)
FNDA:0,(anonymous_14)
FNDA:0,(anonymous_15)
FNDA:0,(anonymous_16)
FNDA:0,(anonymous_17)
FNDA:0,(anonymous_18)
FNDA:0,(anonymous_19)
FNDA:0,(anonymous_20)
FNDA:0,(anonymous_21)
FNDA:0,(anonymous_22)
FNDA:0,(anonymous_23)
FNDA:0,(anonymous_24)
FNDA:0,(anonymous_25)
FNDA:0,(anonymous_26)
DA:9,1
DA:10,0
DA:11,0
DA:12,0
DA:13,0
DA:14,0
DA:15,0
DA:26,1
DA:27,0
DA:32,1
DA:33,0
DA:38,1
DA:39,0
DA:45,1
DA:46,0
DA:55,1
DA:56,0
DA:61,1
DA:62,0
DA:67,1
DA:68,0
DA:73,1
DA:74,0
DA:82,1
DA:83,0
DA:84,0
DA:85,0
DA:96,1
DA:97,0
DA:100,0
DA:108,1
DA:109,0
DA:112,0
DA:123,1
DA:124,0
DA:125,0
DA:137,1
DA:140,0
DA:148,0
DA:157,0
DA:160,0
DA:161,0
DA:163,0
DA:174,0
DA:183,0
DA:191,0
DA:200,0
DA:201,0
DA:202,0
LF:49
LH:14
BRDA:39,0,0,0
BRDA:39,0,1,0
BRDA:46,1,0,0
BRDA:46,1,1,0
BRDA:55,2,0,0
BRDA:61,3,0,0
BRDA:67,4,0,0
BRDA:73,5,0,0
BRDA:96,6,0,0
BRDA:100,7,0,0
BRDA:100,7,1,0
BRDA:108,8,0,0
BRDA:112,9,0,0
BRDA:112,9,1,0
BRDA:124,10,0,0
BRDA:124,10,1,0
BRDA:124,11,0,0
BRDA:124,11,1,0
BRDA:160,12,0,0
BRDA:160,12,1,0
BRDA:201,13,0,0
BRDA:201,13,1,0
BRF:22
BRH:0
end_of_record
TN:
SF:src/shared/components/hooks/roles/useCreateRole.js
FN:9,(anonymous_0)
FN:12,(anonymous_1)
FNF:2
FNH:1
FNDA:2,(anonymous_0)
FNDA:0,(anonymous_1)
DA:7,1
DA:9,1
DA:10,2
DA:12,2
DA:13,0
DA:14,0
DA:15,0
DA:16,0
DA:18,0
DA:20,0
DA:23,0
DA:24,0
DA:28,0
DA:30,0
DA:32,0
DA:33,0
DA:35,0
DA:38,0
DA:42,0
DA:47,0
DA:51,2
LF:21
LH:5
BRDA:23,0,0,0
BRDA:23,0,1,0
BRDA:23,1,0,0
BRDA:23,1,1,0
BRDA:28,2,0,0
BRDA:28,2,1,0
BRDA:30,3,0,0
BRDA:30,3,1,0
BRDA:33,4,0,0
BRDA:33,4,1,0
BRF:10
BRH:0
end_of_record
TN:
SF:src/shared/components/hooks/roles/useDeleteRole.js
FN:6,(anonymous_0)
FN:10,(anonymous_1)
FNF:2
FNH:1
FNDA:2,(anonymous_0)
FNDA:0,(anonymous_1)
DA:4,2
DA:6,2
DA:7,2
DA:8,2
DA:10,2
DA:11,0
DA:12,0
DA:13,0
DA:14,0
DA:15,0
DA:17,0
DA:19,0
DA:23,2
LF:13
LH:6
BRDA:17,0,0,0
BRDA:17,0,1,0
BRF:2
BRH:0
end_of_record
TN:
SF:src/shared/components/hooks/roles/usePermisosList.js
FN:4,(anonymous_0)
FN:8,(anonymous_1)
FN:9,(anonymous_2)
FN:21,(anonymous_3)
FN:22,(anonymous_4)
FNF:5
FNH:3
FNDA:2,(anonymous_0)
FNDA:1,(anonymous_1)
FNDA:1,(anonymous_2)
FNDA:0,(anonymous_3)
FNDA:0,(anonymous_4)
DA:4,1
DA:5,2
DA:6,2
DA:8,2
DA:9,1
DA:10,1
DA:11,1
DA:12,1
DA:13,0
DA:15,0
DA:16,0
DA:17,0
DA:20,0
DA:21,0
DA:22,0
DA:24,0
DA:25,0
DA:32,0
DA:33,0
DA:40,0
DA:41,0
DA:43,0
DA:45,0
DA:49,1
DA:52,2
LF:25
LH:10
BRDA:24,0,0,0
BRDA:24,0,1,0
BRDA:24,1,0,0
BRDA:24,1,1,0
BRDA:26,2,0,0
BRDA:26,2,1,0
BRDA:26,2,2,0
BRDA:27,3,0,0
BRDA:27,3,1,0
BRDA:27,3,2,0
BRF:10
BRH:0
end_of_record
TN:
SF:src/shared/components/hooks/roles/useUpdateRole.js
FN:6,(anonymous_0)
FN:10,(anonymous_1)
FNF:2
FNH:1
FNDA:2,(anonymous_0)
FNDA:0,(anonymous_1)
DA:4,1
DA:6,1
DA:7,2
DA:8,2
DA:10,2
DA:11,0
DA:12,0
DA:13,0
DA:14,0
DA:15,0
DA:17,0
DA:19,0
DA:23,2
LF:13
LH:6
BRDA:17,0,0,0
BRDA:17,0,1,0
BRF:2
BRH:0
end_of_record
